JvmtiExport can_access_local_variables 0
JvmtiExport can_hotswap_or_post_breakpoint 0
JvmtiExport can_post_on_exceptions 0
# 384 ciObject found
ciMethod java/lang/Object <init> ()V 4097 1 253679 0 0
ciMethod java/lang/Object getClass ()Ljava/lang/Class; 3073 1 384 0 -1
ciMethod java/lang/Object hashCode ()I 2049 1 256 0 -1
ciMethod java/lang/Object equals (Ljava/lang/Object;)Z 2057 1 6605 0 64
ciMethod java/lang/Object toString ()Ljava/lang/String; 1257 1 159 0 -1
ciMethod java/lang/String <init> ([CII)V 2049 1 5472 0 -1
ciMethod java/lang/String codePointAt (I)I 105 1 482 0 -1
ciMethod java/lang/String equalsIgnoreCase (Ljava/lang/String;)Z 2057 1 5602 0 -1
ciMethod java/lang/String hashCode ()I 2769 32769 2168 0 288
ciMethod java/lang/String toLowerCase (Ljava/util/Locale;)Ljava/lang/String; 1041 21545 1547 0 -1
ciMethod java/lang/System arraycopy (Ljava/lang/Object;ILjava/lang/Object;II)V 5121 1 640 0 -1
ciMethod java/lang/ref/Reference get ()Ljava/lang/Object; 1057 1 132 0 -1
ciMethod java/lang/ref/ReferenceQueue poll ()Ljava/lang/ref/Reference; 3073 1 9775 0 -1
ciMethod java/util/Map isEmpty ()Z 0 0 1 0 -1
ciMethod java/util/Map get (Ljava/lang/Object;)Ljava/lang/Object; 0 0 1 0 -1
ciMethod java/util/Map put (Ljava/lang/Object;Ljava/lang/Object;)Ljava/lang/Object; 0 0 1 0 -1
ciMethod java/lang/StringBuilder <init> ()V 737 1 12760 0 -1
ciMethod java/lang/StringBuilder append (Ljava/lang/String;)Ljava/lang/StringBuilder; 1393 1 27644 0 -1
ciMethod java/lang/StringBuilder toString ()Ljava/lang/String; 729 1 12891 0 -1
ciMethod java/lang/Character charCount (I)I 241 1 3624 0 -1
ciMethod java/lang/Character toChars (I[CI)I 0 0 1 0 -1
ciMethod java/lang/Character toChars (I)[C 0 0 1 0 -1
ciMethod java/lang/Character toLowerCase (C)C 2073 1 14821 0 -1
ciMethod java/lang/Character toLowerCase (I)I 4097 1 38266 0 -1
ciMethod java/lang/Double doubleToRawLongBits (D)J 4097 1 512 0 -1
ciMethod java/lang/Long bitCount (J)I 4097 1 2639 0 -1
ciMethod java/util/List size ()I 0 0 1 0 -1
ciMethod java/util/List isEmpty ()Z 0 0 1 0 -1
ciMethod java/util/List get (I)Ljava/lang/Object; 0 0 1 0 -1
ciMethod java/util/AbstractList <init> ()V 2049 1 12019 0 32
ciMethod java/util/AbstractCollection <init> ()V 2057 1 17656 0 32
ciMethod java/util/ArrayList <init> ()V 553 1 7105 0 64
ciMethod java/util/ArrayList size ()I 1281 1 160 0 0
ciMethod java/util/ArrayList elementData (I)Ljava/lang/Object; 2137 1 15340 0 0
ciMethod java/util/ArrayList get (I)Ljava/lang/Object; 2097 1 14971 0 128
ciMethod java/util/ArrayList rangeCheck (I)V 2057 1 15226 0 64
ciMethod java/util/Set size ()I 0 0 1 0 -1
ciMethod java/util/Set contains (Ljava/lang/Object;)Z 0 0 1 0 -1
ciMethod java/util/Set add (Ljava/lang/Object;)Z 0 0 1 0 -1
ciMethod java/util/Set remove (Ljava/lang/Object;)Z 0 0 1 0 -1
ciMethod java/util/Set clear ()V 0 0 1 0 -1
ciMethod java/util/HashMap hash (Ljava/lang/Object;)I 4097 1 45034 0 160
ciMethod java/util/HashMap comparableClassFor (Ljava/lang/Object;)Ljava/lang/Class; 2809 1 351 0 -1
ciMethod java/util/HashMap compareComparables (Ljava/lang/Class;Ljava/lang/Object;Ljava/lang/Object;)I 0 0 1 0 -1
ciMethod java/util/HashMap getNode (ILjava/lang/Object;)Ljava/util/HashMap$Node; 4097 49 11838 0 544
ciMethod java/util/HashMap containsKey (Ljava/lang/Object;)Z 249 1 6697 0 672
ciMethod java/util/HashMap put (Ljava/lang/Object;Ljava/lang/Object;)Ljava/lang/Object; 3073 1 11738 0 192
ciMethod java/util/HashMap putVal (ILjava/lang/Object;Ljava/lang/Object;ZZ)Ljava/lang/Object; 3081 329 5689 0 2720
ciMethod java/util/HashMap resize ()[Ljava/util/HashMap$Node; 345 5513 2244 0 -1
ciMethod java/util/HashMap treeifyBin ([Ljava/util/HashMap$Node;I)V 1 1 39 0 -1
ciMethod java/util/HashMap remove (Ljava/lang/Object;)Ljava/lang/Object; 3097 1 2082 0 0
ciMethod java/util/HashMap removeNode (ILjava/lang/Object;Ljava/lang/Object;ZZ)Ljava/util/HashMap$Node; 3073 25 2122 0 0
ciMethod java/util/HashMap clear ()V 2737 8321 2008 0 0
ciMethod java/util/HashMap newNode (ILjava/lang/Object;Ljava/lang/Object;Ljava/util/HashMap$Node;)Ljava/util/HashMap$Node; 3393 1 5046 0 -1
ciMethod java/util/HashMap afterNodeAccess (Ljava/util/HashMap$Node;)V 2049 1 256 0 -1
ciMethod java/util/HashMap afterNodeInsertion (Z)V 3393 1 1677 0 -1
ciMethod java/util/HashMap afterNodeRemoval (Ljava/util/HashMap$Node;)V 4097 1 1552 0 0
ciMethod java/lang/Math round (D)J 3145 1 5115 0 0
ciMethod java/util/WeakHashMap maskNull (Ljava/lang/Object;)Ljava/lang/Object; 2057 1 14643 0 0
ciMethod java/util/WeakHashMap eq (Ljava/lang/Object;Ljava/lang/Object;)Z 2057 1 9095 0 0
ciMethod java/util/WeakHashMap hash (Ljava/lang/Object;)I 2057 1 14643 0 0
ciMethod java/util/WeakHashMap indexFor (II)I 3089 1 14779 0 0
ciMethod java/util/WeakHashMap expungeStaleEntries ()V 3073 1 5638 0 2464
ciMethod java/util/WeakHashMap getTable ()[Ljava/util/WeakHashMap$Entry; 3073 1 14649 0 0
ciMethod java/util/WeakHashMap get (Ljava/lang/Object;)Ljava/lang/Object; 3201 1 5850 0 512
ciMethod java/util/WeakHashMap put (Ljava/lang/Object;Ljava/lang/Object;)Ljava/lang/Object; 2049 17 5223 0 0
ciMethod java/util/WeakHashMap resize (I)V 0 0 6 0 -1
ciMethod java/lang/Enum compareTo (Ljava/lang/Enum;)I 249 1 1738 0 0
ciMethod java/lang/Enum getDeclaringClass ()Ljava/lang/Class; 0 0 1 0 -1
ciMethodData java/lang/Object <init> ()V 2 253680 orig 264 8 131 143 113 0 0 0 0 128 4 159 23 0 0 0 0 32 1 0 0 0 0 0 0 0 0 0 0 0 0 0 0 0 0 0 0 0 0 0 0 0 0 0 0 0 0 0 0 0 0 0 0 0 0 0 0 0 0 0 0 0 0 0 0 0 0 0 0 0 0 0 0 0 0 0 0 0 0 0 0 77 68 79 32 101 120 116 114 97 32 100 97 116 97 32 108 111 99 107 0 0 0 0 0 0 0 0 0 0 0 0 0 0 0 0 0 0 0 0 0 0 0 0 0 0 0 0 0 0 0 0 0 0 0 0 0 0 0 0 0 0 0 0 0 0 0 0 0 0 0 0 0 0 0 0 0 0 0 0 0 0 0 0 0 0 0 0 0 0 0 0 0 0 0 0 0 0 0 0 0 0 0 0 0 1 0 0 0 0 0 0 0 1 0 0 0 0 0 0 0 1 0 0 0 0 0 0 0 0 0 0 0 0 0 0 0 0 2 0 0 129 231 30 0 1 0 0 0 0 0 0 0 0 0 0 0 2 0 0 0 0 0 3 0 1 0 0 0 0 0 0 0 255 255 255 255 0 0 0 0 0 0 0 0 data 0 oops 0
ciMethod java/util/WeakHashMap$Entry <init> (Ljava/lang/Object;Ljava/lang/Object;Ljava/lang/ref/ReferenceQueue;ILjava/util/WeakHashMap$Entry;)V 2057 1 5223 0 -1
ciMethod java/util/Locale getLanguage ()Ljava/lang/String; 433 1 1706 0 -1
ciMethod java/util/HashMap$TreeNode root ()Ljava/util/HashMap$TreeNode; 0 0 1 0 0
ciMethod java/util/HashMap$TreeNode find (ILjava/lang/Object;Ljava/lang/Class;)Ljava/util/HashMap$TreeNode; 2129 4905 692 0 0
ciMethod java/util/HashMap$TreeNode getTreeNode (ILjava/lang/Object;)Ljava/util/HashMap$TreeNode; 1273 1 388 0 0
ciMethod java/util/HashMap$TreeNode putTreeVal (Ljava/util/HashMap;[Ljava/util/HashMap$Node;ILjava/lang/Object;Ljava/lang/Object;)Ljava/util/HashMap$TreeNode; 1481 5113 185 0 -1
ciMethod java/util/HashMap$TreeNode removeTreeNode (Ljava/util/HashMap;[Ljava/util/HashMap$Node;Z)V 0 0 1 0 -1
ciMethodData java/lang/String hashCode ()I 2 22264 orig 264 8 131 143 113 0 0 0 0 184 79 159 23 0 0 0 0 152 1 0 0 32 0 0 0 0 0 0 0 0 0 0 0 0 0 0 0 0 0 0 0 0 0 0 0 0 0 0 0 0 0 0 0 0 0 0 0 0 0 0 0 0 0 0 0 0 0 0 0 0 0 0 0 0 0 0 0 0 0 0 0 77 68 79 32 101 120 116 114 97 32 100 97 116 97 32 108 111 99 107 0 0 0 0 0 0 0 0 0 0 0 0 0 0 0 0 0 0 0 0 0 0 0 0 0 0 0 0 0 0 0 0 0 0 0 0 0 0 0 0 0 0 0 0 0 0 0 0 0 0 0 0 0 0 0 0 0 0 0 0 0 0 0 0 0 0 0 0 0 0 0 0 0 0 0 0 0 0 0 0 0 0 0 0 0 1 0 0 0 0 0 0 0 0 0 0 0 0 0 0 0 1 0 0 0 0 0 0 0 0 0 0 0 0 0 0 0 0 16 0 0 241 56 0 0 193 55 2 0 0 0 0 0 0 0 0 0 2 0 0 0 1 0 11 0 2 0 0 0 120 0 0 0 255 255 255 255 7 0 6 0 0 0 0 0 data 15 0x60007 0x455 0x78 0x2c9 0xe0007 0x3 0x58 0x2c6 0x1e0007 0x2c6 0x38 0x46dc 0x2d0003 0x46dc 0xffffffffffffffe0 oops 0
ciMethod java/util/HashSet contains (Ljava/lang/Object;)Z 2161 1 2794 0 0
ciMethod java/util/HashSet add (Ljava/lang/Object;)Z 2545 1 5504 0 512
ciMethod java/util/HashSet remove (Ljava/lang/Object;)Z 4097 1 1553 0 0
ciMethod java/util/HashSet clear ()V 3105 1 1796 0 0
ciMethodData java/util/HashMap hash (Ljava/lang/Object;)I 2 45034 orig 264 8 131 143 113 0 0 0 0 104 136 173 23 0 0 0 0 176 1 0 0 0 0 0 0 0 0 0 0 0 0 0 0 0 0 0 0 0 0 0 0 0 0 0 0 0 0 0 0 0 0 0 0 0 0 0 0 0 0 0 0 0 0 0 0 0 0 0 0 0 0 0 0 0 0 0 0 0 0 0 0 77 68 79 32 101 120 116 114 97 32 100 97 116 97 32 108 111 99 107 0 0 0 0 0 0 0 0 0 0 0 0 0 0 0 0 0 0 0 0 0 0 0 0 0 0 0 0 0 0 0 0 0 0 0 0 0 0 0 0 0 0 0 0 0 0 0 0 0 0 0 0 0 0 0 0 0 0 0 0 0 0 0 0 0 0 0 0 0 0 0 0 0 0 0 0 0 0 0 0 2 0 0 0 0 0 0 0 0 0 0 0 0 0 0 0 0 0 0 0 0 0 0 0 0 0 0 0 0 0 0 0 0 0 0 0 0 0 2 0 0 81 111 5 0 1 0 0 0 174 74 0 0 0 0 0 0 2 0 0 0 0 0 6 0 2 0 0 0 104 0 0 0 255 255 255 255 7 224 1 0 0 0 0 0 data 13 0x1e007 0xad5e 0x38 0x8e 0x50003 0x8e 0x48 0x90005 0x2795 0x332af80 0x7efc 0x1a4af9d0 0x6cd oops 2 9 java/lang/String 11 java/util/jar/Attributes$Name
ciMethodData java/util/HashMap getNode (ILjava/lang/Object;)Ljava/util/HashMap$Node; 2 11838 orig 264 8 131 143 113 0 0 0 0 24 146 173 23 0 0 0 0 8 4 0 0 96 1 0 0 0 0 0 0 0 0 0 0 0 0 0 0 0 0 0 0 0 0 0 0 0 0 0 0 0 0 0 0 0 0 0 0 0 0 0 0 0 0 0 0 0 0 0 0 0 0 0 0 0 0 0 0 0 0 0 0 77 68 79 32 101 120 116 114 97 32 100 97 116 97 32 108 111 99 107 0 0 0 0 0 0 0 0 0 0 0 0 0 0 0 0 0 0 0 0 0 0 0 0 0 0 0 0 0 0 0 0 0 0 0 0 0 0 0 0 0 0 0 0 0 1 0 0 0 0 0 0 0 0 0 0 0 0 0 0 0 0 0 0 0 0 0 0 0 0 0 0 0 0 0 0 0 0 0 0 2 0 0 0 0 17 0 0 0 0 0 0 0 0 0 0 0 0 0 0 0 1 0 0 0 0 0 0 0 0 0 0 0 0 0 0 0 0 2 0 0 241 97 1 0 73 37 0 0 120 20 0 0 235 0 0 0 2 0 0 0 2 0 45 0 2 0 0 0 176 2 0 0 255 255 255 255 7 0 6 0 0 0 0 0 data 86 0x60007 0x48c 0x2b0 0x27b2 0xe0007 0x0 0x290 0x27b2 0x1c0007 0xb64 0x270 0x1c4e 0x250007 0x9bf 0xb0 0x128f 0x310007 0x388 0x90 0xf07 0x350007 0x0 0x70 0xf07 0x3b0005 0x607 0x332af80 0x614 0x1a208540 0x2ec 0x3e0007 0xb8 0x20 0xe4f 0x4c0007 0x3bd 0x1a0 0x6ba 0x510004 0xfffffffffffffac8 0x2adc7770 0x182 0x1a4ad880 0x9f 0x54e007 0x538 0x80 0x184 0x590004 0x0 0x2adc7770 0x184 0x0 0x0 0x5e0005 0xd4 0x2adc7770 0xb0 0x0 0x0 0x680007 0x49a 0xb0 0x3b4 0x740007 0xa3 0x90 0x311 0x780007 0x0 0x70 0x311 0x7e0005 0x30c 0x1a4af9d0 0x2 0x1a208150 0x3 0x810007 0x4f 0x20 0x2c2 0x8f0007 0x316 0xffffffffffffff50 0x1d3 oops 8 26 java/lang/String 28 java/security/CodeSource 40 java/util/HashMap$TreeNode 42 java/util/HashMap$Node 50 java/util/HashMap$TreeNode 56 java/util/HashMap$TreeNode 74 java/util/jar/Attributes$Name 76 java/io/File
ciMethodData java/util/AbstractCollection <init> ()V 2 17726 orig 264 8 131 143 113 0 0 0 0 176 118 171 23 0 0 0 0 48 1 0 0 0 0 0 0 0 0 0 0 0 0 0 0 0 0 0 0 0 0 0 0 0 0 0 0 0 0 0 0 0 0 0 0 0 0 0 0 0 0 0 0 0 0 0 0 0 0 0 0 0 0 0 0 0 0 0 0 0 0 0 0 77 68 79 32 101 120 116 114 97 32 100 97 116 97 32 108 111 99 107 0 0 0 0 0 0 0 0 0 0 0 0 0 0 0 0 0 0 0 0 0 0 0 0 0 0 0 0 0 0 0 0 0 0 0 0 0 0 0 0 0 0 0 0 0 0 0 0 0 0 0 0 0 0 0 0 0 0 0 0 0 0 0 0 0 0 0 0 0 0 0 0 0 0 0 0 0 0 0 0 0 0 0 0 0 0 0 0 0 0 0 0 0 0 0 0 0 0 0 0 0 0 0 0 0 0 0 0 0 0 0 0 0 0 0 0 0 1 1 0 0 233 33 2 0 1 0 0 0 0 0 0 0 0 0 0 0 2 0 0 0 0 0 3 0 2 0 0 0 16 0 0 0 255 255 255 255 2 0 1 0 0 0 0 0 data 2 0x10002 0x443d oops 0
ciMethodData java/util/AbstractList <init> ()V 2 12019 orig 264 8 131 143 113 0 0 0 0 72 99 171 23 0 0 0 0 48 1 0 0 0 0 0 0 0 0 0 0 0 0 0 0 0 0 0 0 0 0 0 0 0 0 0 0 0 0 0 0 0 0 0 0 0 0 0 0 0 0 0 0 0 0 0 0 0 0 0 0 0 0 0 0 0 0 0 0 0 0 0 0 77 68 79 32 101 120 116 114 97 32 100 97 116 97 32 108 111 99 107 0 0 0 0 0 0 0 0 0 0 0 0 0 0 0 0 0 0 0 0 0 0 0 0 0 0 0 0 0 0 0 0 0 0 0 0 0 0 0 0 0 0 0 0 0 0 0 0 0 0 0 0 0 0 0 0 0 0 0 0 0 0 0 0 0 0 0 0 0 0 0 0 0 0 0 0 0 0 0 0 0 0 0 0 0 0 0 0 0 0 0 0 0 0 0 0 0 0 0 0 0 0 0 0 0 0 0 0 0 0 0 0 0 0 0 0 0 0 1 0 0 153 111 1 0 1 0 0 0 0 0 0 0 0 0 0 0 2 0 0 0 0 0 3 0 2 0 0 0 16 0 0 0 255 255 255 255 2 0 1 0 0 0 0 0 data 2 0x10002 0x2df3 oops 0
ciMethodData java/lang/Object equals (Ljava/lang/Object;)Z 2 6605 orig 264 8 131 143 113 0 0 0 0 232 6 159 23 0 0 0 0 136 1 0 0 0 0 0 0 0 0 0 0 0 0 0 0 0 0 0 0 0 0 0 0 0 0 0 0 0 0 0 0 0 0 0 0 0 0 0 0 0 0 0 0 0 0 0 0 0 0 0 0 0 0 0 0 0 0 0 0 0 0 0 0 77 68 79 32 101 120 116 114 97 32 100 97 116 97 32 108 111 99 107 0 0 0 0 0 0 0 0 0 0 0 0 0 0 0 0 0 0 0 0 0 0 0 0 0 0 0 0 0 0 0 0 0 0 0 0 0 0 0 0 0 0 0 0 0 0 0 0 0 0 0 0 0 0 0 0 0 0 0 0 0 0 0 0 0 0 0 0 0 0 0 0 0 0 0 0 0 0 0 0 0 0 0 0 0 0 0 0 0 0 0 0 0 0 0 0 0 0 0 0 0 0 0 0 0 0 0 0 0 0 0 0 0 0 0 0 0 1 1 0 0 97 198 0 0 1 0 0 0 0 0 0 0 0 0 0 0 2 0 0 0 0 0 6 0 2 0 0 0 56 0 0 0 255 255 255 255 7 0 2 0 0 0 0 0 data 7 0x20007 0x735 0x38 0x1197 0x60003 0x1197 0x18 oops 0
ciMethodData java/lang/String toLowerCase (Ljava/util/Locale;)Ljava/lang/String; 2 24104 orig 264 8 131 143 113 0 0 0 0 208 104 159 23 0 0 0 0 112 6 0 0 48 2 0 0 0 0 0 0 0 0 0 0 0 0 0 0 0 0 0 0 0 0 0 0 0 0 0 0 0 0 0 0 0 0 0 0 0 0 0 0 0 0 0 0 0 0 0 0 0 0 0 0 0 0 0 0 0 0 0 0 77 68 79 32 101 120 116 114 97 32 100 97 116 97 32 108 111 99 107 0 0 0 0 0 0 0 0 0 0 0 0 0 0 0 0 0 0 0 0 0 0 0 0 0 0 0 0 0 0 0 0 0 0 0 0 0 0 0 0 0 0 0 0 0 1 0 0 0 0 0 0 0 0 0 0 0 0 0 0 0 0 0 0 0 0 0 0 0 0 0 0 0 0 0 0 0 0 0 0 0 0 0 0 0 0 0 0 0 0 0 0 0 0 0 0 0 0 0 0 0 0 0 0 0 0 0 0 0 0 0 0 0 0 0 0 0 133 10 0 0 73 44 0 0 25 157 2 0 0 0 0 0 0 0 0 0 2 0 0 0 3 0 69 0 2 0 0 0 32 5 0 0 255 255 255 255 7 0 1 0 0 0 0 0 data 164 0x10007 0x589 0x30 0x0 0x80002 0x0 0x160007 0xa3 0x160 0x6a3 0x250007 0x6a3 0xe0 0x0 0x2c0007 0x0 0xc0 0x0 0x310005 0x0 0x0 0x0 0x0 0x0 0x3a0002 0x0 0x3d0007 0x0 0x38 0x0 0x400003 0x0 0xa0 0x460002 0x0 0x4b0003 0x0 0x60 0x520002 0x6a3 0x550007 0x1bd 0x38 0x4e6 0x580003 0x4e6 0x30 0x5e0003 0x1bd 0xfffffffffffffeb8 0x740002 0x4e6 0x780005 0x20 0x2b75f760 0x4c6 0x0 0x0 0x810007 0x0 0x60 0x4e6 0x880007 0x0 0x40 0x4e6 0x8f0007 0x4e6 0x38 0x0 0x930003 0x0 0x18 0x9f0007 0x4e6 0x2c8 0x51e6 0xb00007 0x51e6 0x98 0x0 0xb80007 0x0 0x78 0x0 0xbe0005 0x0 0x0 0x0 0x0 0x0 0xc50002 0x0 0xca0003 0x0 0x18 0xd20007 0x0 0x60 0x51e6 0xda0007 0x0 0x40 0x51e6 0xe20007 0x51e6 0x48 0x0 0xe90002 0x0 0xee0003 0x0 0x28 0xf30002 0x51e6 0xfb0007 0x0 0x40 0x51e6 0x1020007 0x51e6 0x140 0x0 0x1080007 0x0 0x48 0x0 0x10f0002 0x0 0x1140003 0x0 0x70 0x11a0007 0x0 0x48 0x0 0x1280002 0x0 0x1310003 0x0 0xa8 0x1360002 0x0 0x1440007 0x0 0x30 0x0 0x15f0002 0x0 0x16d0007 0x0 0x38 0x0 0x1830003 0x0 0xffffffffffffffe0 0x1900003 0x0 0x18 0x1a50003 0x51e6 0xfffffffffffffd50 0x1b30002 0x4e6 oops 1 54 java/util/Locale
ciMethodData java/util/HashMap putVal (ILjava/lang/Object;Ljava/lang/Object;ZZ)Ljava/lang/Object; 2 5689 orig 264 8 131 143 113 0 0 0 0 56 149 173 23 0 0 0 0 176 6 0 0 144 4 0 0 0 0 0 0 0 0 0 0 0 0 0 0 0 0 0 0 0 0 0 0 0 0 0 0 0 0 0 0 0 0 0 0 0 0 0 0 0 0 0 0 0 0 0 0 0 0 0 0 0 0 0 0 0 0 0 0 77 68 79 32 101 120 116 114 97 32 100 97 116 97 32 108 111 99 107 0 0 0 0 0 0 0 0 0 0 0 0 0 0 0 0 0 0 0 0 0 0 0 0 0 0 0 0 0 0 0 0 0 0 0 0 0 0 0 0 0 0 0 0 0 1 0 0 0 0 0 0 0 0 0 0 0 0 0 0 0 0 0 0 0 4 0 0 0 0 0 0 0 0 0 0 0 0 0 0 0 0 0 0 0 0 0 0 0 0 0 0 0 0 0 0 0 0 0 0 0 0 0 0 0 0 0 0 0 0 0 0 0 0 0 0 0 128 1 0 0 193 165 0 0 113 36 0 0 0 0 0 0 0 0 0 0 2 0 0 0 1 0 50 0 2 0 0 0 64 5 0 0 255 255 255 255 7 0 7 0 0 0 0 0 data 168 0x70007 0x8d 0x40 0x142b 0x100007 0x142b 0x50 0x0 0x140005 0x15 0x1a4ac520 0x77 0x1b6b3380 0x1 0x2c0007 0x913 0x98 0xba5 0x380005 0x38 0x1a4ac520 0xb31 0x2ae94590 0x3c 0x3b0004 0x0 0x1a4ad880 0xb4a 0x1b860850 0x5b 0x3c0003 0xba5 0x3d0 0x450007 0x7f4 0xc8 0x11f 0x510007 0xbb 0x90 0x64 0x550007 0x0 0x88 0x64 0x5b0005 0x17 0x332af80 0x1b 0x1b6b14d0 0x32 0x5e0007 0x49 0x38 0x1b 0x650003 0xd6 0x278 0x6a0004 0xfffffffffffff875 0x2adc7770 0xb2 0x1b860850 0x1c 0x6d0007 0x78b 0x98 0xb2 0x720004 0x0 0x2adc7770 0xb2 0x0 0x0 0x7b0005 0x0 0x2adc7770 0xb2 0x0 0x0 0x800003 0xb2 0x1b0 0x8e0007 0x4ad 0xb8 0x76c 0x980005 0x21 0x1a4ac520 0x726 0x2ae94590 0x25 0xa20007 0x75a 0x148 0x12 0xa90005 0x0 0x1a4ac520 0x12 0x0 0x0 0xac0003 0x12 0xf8 0xb50007 0x46e 0xc8 0x3f 0xc10007 0x14 0xc0 0x2b 0xc50007 0x0 0x88 0x2b 0xcb0005 0x0 0x332af80 0xb 0x1b6b14d0 0x20 0xce0007 0x20 0x38 0xb 0xd10003 0xb 0x30 0xdb0003 0x48e 0xfffffffffffffe80 0xe00007 0x81e 0x90 0xf5 0xec0007 0xf5 0x40 0x0 0xf10007 0x0 0x20 0x0 0xfdc005 0x0 0x1a4ac520 0xd1 0x1a4ae100 0x28 0x11c0007 0x1352 0x50 0x71 0x1200005 0x4 0x2ae94590 0x2 0x1a4ac520 0x6b 0x1270005 0x59 0x1a4ac520 0x1309 0x2ae94590 0x61 oops 23 10 java/util/HashMap 12 java/lang/ProcessEnvironment 20 java/util/HashMap 22 java/io/ExpiringCache$1 26 java/util/HashMap$Node 28 java/util/LinkedHashMap$Entry 47 java/lang/String 49 com/sun/javafx/css/SelectorPartitioning$PartitionKey 60 java/util/HashMap$TreeNode 62 java/util/LinkedHashMap$Entry 70 java/util/HashMap$TreeNode 76 java/util/HashMap$TreeNode 89 java/util/HashMap 91 java/io/ExpiringCache$1 99 java/util/HashMap 120 java/lang/String 122 com/sun/javafx/css/SelectorPartitioning$PartitionKey 148 java/util/HashMap 150 java/util/LinkedHashMap 158 java/io/ExpiringCache$1 160 java/util/HashMap 164 java/util/HashMap 166 java/io/ExpiringCache$1
ciMethodData java/util/ArrayList rangeCheck (I)V 2 15226 orig 264 8 131 143 113 0 0 0 0 120 15 172 23 0 0 0 0 104 1 0 0 0 0 0 0 0 0 0 0 0 0 0 0 0 0 0 0 0 0 0 0 0 0 0 0 0 0 0 0 0 0 0 0 0 0 0 0 0 0 0 0 0 0 0 0 0 0 0 0 0 0 0 0 0 0 0 0 0 0 0 0 77 68 79 32 101 120 116 114 97 32 100 97 116 97 32 108 111 99 107 0 0 0 0 0 0 0 0 0 0 0 0 0 0 0 0 0 0 0 0 0 0 0 0 0 0 0 0 0 0 0 0 0 0 0 0 0 0 0 0 0 0 0 0 0 0 0 0 0 0 0 0 0 0 0 0 0 0 0 0 0 0 0 0 0 0 0 0 0 0 0 0 0 0 0 0 0 0 0 0 0 0 0 0 0 0 0 0 0 0 0 0 0 0 0 0 0 0 0 0 0 0 0 0 0 0 0 0 0 0 0 0 0 0 0 0 0 1 1 0 0 201 211 1 0 1 0 0 0 0 0 0 0 0 0 0 0 2 0 0 0 0 0 5 0 2 0 0 0 64 0 0 0 255 255 255 255 7 0 5 0 0 0 0 0 data 8 0x50007 0x3a79 0x40 0x0 0xe0002 0x0 0x110002 0x0 oops 0
ciMethodData java/util/ArrayList elementData (I)Ljava/lang/Object; 2 15340 orig 264 8 131 143 113 0 0 0 0 248 5 172 23 0 0 0 0 40 1 0 0 0 0 0 0 0 0 0 0 0 0 0 0 0 0 0 0 0 0 0 0 0 0 0 0 0 0 0 0 0 0 0 0 0 0 0 0 0 0 0 0 0 0 0 0 0 0 0 0 0 0 0 0 0 0 0 0 0 0 0 0 77 68 79 32 101 120 116 114 97 32 100 97 116 97 32 108 111 99 107 0 0 0 0 0 0 0 0 0 0 0 0 0 0 0 0 0 0 0 0 0 0 0 0 0 0 0 0 0 0 0 0 0 0 0 0 0 0 0 0 0 0 0 0 0 0 0 0 0 0 0 0 0 0 0 0 0 0 0 0 0 0 0 0 0 0 0 0 0 0 0 0 0 0 0 0 0 0 0 0 0 0 0 0 0 0 0 0 0 0 0 0 0 0 0 0 0 0 0 0 0 0 0 0 0 0 0 0 0 0 0 0 0 0 0 0 0 11 1 0 0 9 215 1 0 1 0 0 0 0 0 0 0 0 0 0 0 2 0 0 0 0 0 3 0 1 0 0 0 0 0 0 0 255 255 255 255 0 0 0 0 0 0 0 0 data 0 oops 0
ciMethodData java/util/HashMap put (Ljava/lang/Object;Ljava/lang/Object;)Ljava/lang/Object; 2 11738 orig 264 8 131 143 113 0 0 0 0 88 147 173 23 0 0 0 0 152 1 0 0 0 0 0 0 0 0 0 0 0 0 0 0 0 0 0 0 0 0 0 0 0 0 0 0 0 0 0 0 0 0 0 0 0 0 0 0 0 0 0 0 0 0 0 0 0 0 0 0 0 0 0 0 0 0 0 0 0 0 0 0 77 68 79 32 101 120 116 114 97 32 100 97 116 97 32 108 111 99 107 0 0 0 0 0 0 0 0 0 0 0 0 0 0 0 0 0 0 0 0 0 0 0 0 0 0 0 0 0 0 0 0 0 0 0 0 0 0 0 0 0 0 0 0 0 1 0 0 0 0 0 0 0 0 0 0 0 0 0 0 0 0 0 0 0 0 0 0 0 0 0 0 0 0 0 0 0 0 0 0 0 0 0 0 0 0 0 0 0 0 0 0 0 0 0 0 0 0 0 0 0 0 0 0 0 0 0 0 0 0 0 0 0 0 0 0 0 128 1 0 0 209 98 1 0 1 0 0 0 5 20 0 0 0 0 0 0 2 0 0 0 0 0 7 0 2 0 0 0 64 0 0 0 255 255 255 255 2 0 2 0 0 0 0 0 data 8 0x20002 0x2c5a 0x90005 0x129 0x1a4ac520 0x2ac8 0x2ae94590 0x6a oops 2 4 java/util/HashMap 6 java/io/ExpiringCache$1
ciMethodData java/util/HashMap containsKey (Ljava/lang/Object;)Z 2 6697 orig 264 8 131 143 113 0 0 0 0 184 146 173 23 0 0 0 0 200 1 0 0 0 0 0 0 0 0 0 0 0 0 0 0 0 0 0 0 0 0 0 0 0 0 0 0 0 0 0 0 0 0 0 0 0 0 0 0 0 0 0 0 0 0 0 0 0 0 0 0 0 0 0 0 0 0 0 0 0 0 0 0 77 68 79 32 101 120 116 114 97 32 100 97 116 97 32 108 111 99 107 0 0 0 0 0 0 0 0 0 0 0 0 0 0 0 0 0 0 0 0 0 0 0 0 0 0 0 0 0 0 0 0 0 0 0 0 0 0 0 0 0 0 0 0 0 0 0 0 0 0 0 0 0 0 0 0 0 0 0 0 0 0 0 0 0 0 0 0 0 0 0 0 0 0 0 0 0 0 0 0 0 0 0 0 0 0 0 0 0 0 0 0 0 0 0 0 0 0 0 0 0 0 0 0 0 0 0 0 0 0 0 0 0 0 0 0 0 31 0 0 0 81 208 0 0 1 0 0 0 0 0 0 0 0 0 0 0 2 0 0 0 0 0 10 0 2 0 0 0 120 0 0 0 255 255 255 255 2 0 2 0 0 0 0 0 data 15 0x20002 0x1a0a 0x60005 0x117 0x1a4ac520 0x18ef 0x1a4ae100 0x4 0x90007 0x553 0x38 0x14b7 0xd0003 0x14b7 0x18 oops 2 4 java/util/HashMap 6 java/util/LinkedHashMap
ciMethodData java/util/ArrayList get (I)Ljava/lang/Object; 2 14971 orig 264 8 131 143 113 0 0 0 0 152 6 172 23 0 0 0 0 144 1 0 0 0 0 0 0 0 0 0 0 0 0 0 0 0 0 0 0 0 0 0 0 0 0 0 0 0 0 0 0 0 0 0 0 0 0 0 0 0 0 0 0 0 0 0 0 0 0 0 0 0 0 0 0 0 0 0 0 0 0 0 0 77 68 79 32 101 120 116 114 97 32 100 97 116 97 32 108 111 99 107 0 0 0 0 0 0 0 0 0 0 0 0 0 0 0 0 0 0 0 0 0 0 0 0 0 0 0 0 0 0 0 0 0 0 0 0 0 0 0 0 0 0 0 0 0 0 0 0 0 0 0 0 0 0 0 0 0 0 0 0 0 0 0 0 0 0 0 0 0 0 0 0 0 0 0 0 0 0 0 0 0 0 0 0 0 0 0 0 0 0 0 0 0 0 0 0 0 0 0 0 0 0 0 0 0 0 0 0 0 0 0 0 0 0 0 0 0 6 1 0 0 169 203 1 0 1 0 0 0 0 0 0 0 0 0 0 0 2 0 0 0 0 0 6 0 2 0 0 0 64 0 0 0 255 255 255 255 2 0 2 0 0 0 0 0 data 8 0x20002 0x3975 0x70005 0x0 0x2ae22a90 0x3975 0x0 0x0 oops 1 4 java/util/ArrayList
ciMethodData java/util/WeakHashMap maskNull (Ljava/lang/Object;)Ljava/lang/Object; 2 14643 orig 264 8 131 143 113 0 0 0 0 32 50 176 23 0 0 0 0 88 1 0 0 0 0 0 0 0 0 0 0 0 0 0 0 0 0 0 0 0 0 0 0 0 0 0 0 0 0 0 0 0 0 0 0 0 0 0 0 0 0 0 0 0 0 0 0 0 0 0 0 0 0 0 0 0 0 0 0 0 0 0 0 77 68 79 32 101 120 116 114 97 32 100 97 116 97 32 108 111 99 107 0 0 0 0 0 0 0 0 0 0 0 0 0 0 0 0 0 0 0 0 0 0 0 0 0 0 0 0 0 0 0 0 0 0 0 0 0 0 0 0 0 0 0 0 0 0 0 0 0 0 0 0 0 0 0 0 0 0 0 0 0 0 0 0 0 0 0 0 0 0 0 0 0 0 0 0 0 0 0 0 0 0 0 0 0 0 0 0 0 0 0 0 0 0 0 0 0 0 0 0 0 0 0 0 0 0 0 0 0 0 0 0 0 0 0 0 0 1 1 0 0 145 193 1 0 1 0 0 0 0 0 0 0 0 0 0 0 2 0 0 0 0 0 6 0 2 0 0 0 56 0 0 0 255 255 255 255 7 0 1 0 0 0 0 0 data 7 0x10007 0x3832 0x38 0x0 0x70003 0x0 0x18 oops 0
ciMethodData java/util/WeakHashMap hash (Ljava/lang/Object;)I 2 14643 orig 264 8 131 143 113 0 0 0 0 16 52 176 23 0 0 0 0 128 1 0 0 0 0 0 0 0 0 0 0 0 0 0 0 0 0 0 0 0 0 0 0 0 0 0 0 0 0 0 0 0 0 0 0 0 0 0 0 0 0 0 0 0 0 0 0 0 0 0 0 0 0 0 0 0 0 0 0 0 0 0 0 77 68 79 32 101 120 116 114 97 32 100 97 116 97 32 108 111 99 107 0 0 0 0 0 0 0 0 0 0 0 0 0 0 0 0 0 0 0 0 0 0 0 0 0 0 0 0 0 0 0 0 0 0 0 0 0 0 0 0 0 0 0 0 0 0 0 0 0 0 0 0 0 0 0 0 0 0 0 0 0 0 0 0 0 0 0 0 0 0 0 0 0 0 0 0 0 0 0 0 0 0 0 0 0 0 0 0 0 0 0 0 0 0 0 0 0 0 0 0 0 0 0 0 0 0 0 0 0 0 0 0 0 0 0 0 0 1 1 0 0 145 193 1 0 1 0 0 0 0 0 0 0 0 0 0 0 2 0 0 0 0 0 3 0 2 0 0 0 48 0 0 0 255 255 255 255 5 0 1 0 0 0 0 0 data 6 0x10005 0x2a24 0x1a3d5240 0xe0d 0x1a3d52f0 0x1 oops 2 2 java/util/zip/ZipFile$ZipFileInputStream 4 com/sun/javafx/application/PlatformImpl$1
ciMethodData java/util/WeakHashMap getTable ()[Ljava/util/WeakHashMap$Entry; 2 14649 orig 264 8 131 143 113 0 0 0 0 136 54 176 23 0 0 0 0 48 1 0 0 0 0 0 0 0 0 0 0 0 0 0 0 0 0 0 0 0 0 0 0 0 0 0 0 0 0 0 0 0 0 0 0 0 0 0 0 0 0 0 0 0 0 0 0 0 0 0 0 0 0 0 0 0 0 0 0 0 0 0 0 77 68 79 32 101 120 116 114 97 32 100 97 116 97 32 108 111 99 107 0 0 0 0 0 0 0 0 0 0 0 0 0 0 0 0 0 0 0 0 0 0 0 0 0 0 0 0 0 0 0 0 0 0 0 0 0 0 0 0 0 0 0 0 0 0 0 0 0 0 0 0 0 0 0 0 0 0 0 0 0 0 0 0 0 0 0 0 0 0 0 0 0 0 0 0 0 0 0 0 0 0 0 0 0 0 0 0 0 0 0 0 0 0 0 0 0 0 0 0 0 0 0 0 0 0 0 0 0 0 0 0 0 0 0 0 0 128 1 0 0 201 189 1 0 1 0 0 0 0 0 0 0 0 0 0 0 2 0 0 0 0 0 3 0 2 0 0 0 16 0 0 0 255 255 255 255 2 0 1 0 0 0 0 0 data 2 0x10002 0x37b9 oops 0
ciMethodData java/util/WeakHashMap expungeStaleEntries ()V 2 5638 orig 264 8 131 143 113 0 0 0 0 232 53 176 23 0 0 0 0 224 2 0 0 128 1 0 0 0 0 0 0 0 0 0 0 0 0 0 0 0 0 0 0 0 0 0 0 0 0 0 0 0 0 0 0 0 0 0 0 0 0 0 0 0 0 0 0 0 0 0 0 0 0 0 0 0 0 0 0 0 0 0 0 77 68 79 32 101 120 116 114 97 32 100 97 116 97 32 108 111 99 107 0 0 0 0 0 0 0 0 0 0 0 0 0 0 0 0 0 0 0 0 0 0 0 0 0 0 0 0 0 0 0 0 0 0 0 0 0 0 0 0 0 0 0 0 0 0 0 0 0 0 0 0 0 0 0 0 0 0 0 0 0 0 0 0 0 0 0 0 0 0 0 0 0 0 0 0 0 0 0 0 0 0 0 0 0 17 0 0 0 0 0 0 0 0 0 0 0 0 0 0 0 0 0 0 0 0 0 0 0 0 0 0 0 0 0 0 0 128 1 0 0 49 164 0 0 33 0 0 0 0 0 0 0 0 0 0 0 2 0 0 0 2 0 26 0 2 0 0 0 152 1 0 0 255 255 255 255 5 0 4 0 0 0 0 0 data 51 0x40005 0x0 0x332c1a0 0x148a 0x0 0x0 0x90007 0x1486 0x168 0x4 0x140004 0x0 0x2b1a57a0 0x4 0x0 0x0 0x210002 0x4 0x350007 0x0 0xd8 0x4 0x420007 0x0 0xa0 0x4 0x480007 0x0 0x68 0x4 0x530104 0x0 0x0 0x0 0x0 0x0 0x540003 0x4 0x18 0x6d0003 0x4 0x30 0x780003 0x0 0xffffffffffffff40 0x7d0003 0x4 0x18 0x870003 0x4 0xfffffffffffffe80 oops 2 2 java/lang/ref/ReferenceQueue 12 java/util/WeakHashMap$Entry
ciMethodData java/util/WeakHashMap indexFor (II)I 2 14779 orig 264 8 131 143 113 0 0 0 0 168 52 176 23 0 0 0 0 40 1 0 0 0 0 0 0 0 0 0 0 0 0 0 0 0 0 0 0 0 0 0 0 0 0 0 0 0 0 0 0 0 0 0 0 0 0 0 0 0 0 0 0 0 0 0 0 0 0 0 0 0 0 0 0 0 0 0 0 0 0 0 0 77 68 79 32 101 120 116 114 97 32 100 97 116 97 32 108 111 99 107 0 0 0 0 0 0 0 0 0 0 0 0 0 0 0 0 0 0 0 0 0 0 0 0 0 0 0 0 0 0 0 0 0 0 0 0 0 0 0 0 0 0 0 0 0 0 0 0 0 0 0 0 0 0 0 0 0 0 0 0 0 0 0 0 0 0 0 0 0 0 0 0 0 0 0 0 0 0 0 0 0 0 0 0 0 0 0 0 0 0 0 0 0 0 0 0 0 0 0 0 0 0 0 0 0 0 0 0 0 0 0 0 0 0 0 0 0 130 1 0 0 201 193 1 0 1 0 0 0 0 0 0 0 0 0 0 0 2 0 0 0 0 0 3 0 1 0 0 0 0 0 0 0 255 255 255 255 0 0 0 0 0 0 0 0 data 0 oops 0
ciMethodData java/util/ArrayList <init> ()V 2 7105 orig 264 8 131 143 113 0 0 0 0 216 249 171 23 0 0 0 0 48 1 0 0 0 0 0 0 0 0 0 0 0 0 0 0 0 0 0 0 0 0 0 0 0 0 0 0 0 0 0 0 0 0 0 0 0 0 0 0 0 0 0 0 0 0 0 0 0 0 0 0 0 0 0 0 0 0 0 0 0 0 0 0 77 68 79 32 101 120 116 114 97 32 100 97 116 97 32 108 111 99 107 0 0 0 0 0 0 0 0 0 0 0 0 0 0 0 0 0 0 0 0 0 0 0 0 0 0 0 0 0 0 0 0 0 0 0 0 0 0 0 0 0 0 0 0 0 0 0 0 0 0 0 0 0 0 0 0 0 0 0 0 0 0 0 0 0 0 0 0 0 0 0 0 0 0 0 0 0 0 0 0 0 0 0 0 0 0 0 0 0 0 0 0 0 0 0 0 0 0 0 0 0 0 0 0 0 0 0 0 0 0 0 0 0 0 0 0 0 69 0 0 0 225 219 0 0 1 0 0 0 0 0 0 0 0 0 0 0 2 0 0 0 0 0 3 0 2 0 0 0 16 0 0 0 255 255 255 255 2 0 1 0 0 0 0 0 data 2 0x10002 0x1b7c oops 0
ciMethodData java/util/WeakHashMap put (Ljava/lang/Object;Ljava/lang/Object;)Ljava/lang/Object; 2 5261 orig 264 8 131 143 113 0 0 0 0 128 59 176 23 0 0 0 0 32 3 0 0 80 0 0 0 0 0 0 0 0 0 0 0 0 0 0 0 0 0 0 0 0 0 0 0 0 0 0 0 0 0 0 0 0 0 0 0 0 0 0 0 0 0 0 0 0 0 0 0 0 0 0 0 0 0 0 0 0 0 0 0 77 68 79 32 101 120 116 114 97 32 100 97 116 97 32 108 111 99 107 0 0 0 0 0 0 0 0 0 0 0 0 0 0 0 0 0 0 0 0 0 0 0 0 0 0 0 0 0 0 0 0 0 0 0 0 0 0 0 0 0 0 0 0 0 0 0 0 0 0 0 0 0 0 0 0 0 0 0 0 0 0 0 0 0 0 0 0 0 0 0 0 0 0 0 0 0 0 0 0 0 0 0 0 0 0 0 0 0 0 0 0 0 0 0 0 0 0 0 0 0 0 0 0 0 0 0 0 0 0 0 0 0 0 0 0 0 0 1 0 0 105 156 0 0 233 2 0 0 0 0 0 0 0 0 0 0 2 0 0 0 1 0 34 0 2 0 0 0 200 1 0 0 255 255 255 255 2 0 1 0 0 0 0 0 data 57 0x10002 0x138d 0x70005 0x2 0x2af99480 0x138b 0x0 0x0 0xd0002 0x138d 0x170002 0x138d 0x250007 0x138d 0xd8 0x5d 0x2f0007 0x5d 0xa0 0x0 0x350005 0x0 0x0 0x0 0x0 0x0 0x380002 0x0 0x3b0007 0x0 0x40 0x0 0x480007 0x0 0x20 0x0 0x5b0003 0x5d 0xffffffffffffff40 0x810002 0x138d 0x840004 0x0 0x2b1a57a0 0x138d 0x0 0x0 0x940007 0x1386 0x50 0x7 0x9d0005 0x0 0x2af99480 0x7 0x0 0x0 oops 3 4 java/util/WeakHashMap 43 java/util/WeakHashMap$Entry 53 java/util/WeakHashMap
ciMethodData java/util/WeakHashMap eq (Ljava/lang/Object;Ljava/lang/Object;)Z 2 9095 orig 264 8 131 143 113 0 0 0 0 96 51 176 23 0 0 0 0 216 1 0 0 80 0 0 0 0 0 0 0 0 0 0 0 0 0 0 0 0 0 0 0 0 0 0 0 0 0 0 0 0 0 0 0 0 0 0 0 0 0 0 0 0 0 0 0 0 0 0 0 0 0 0 0 0 0 0 0 0 0 0 0 77 68 79 32 101 120 116 114 97 32 100 97 116 97 32 108 111 99 107 0 0 0 0 0 0 0 0 0 0 0 0 0 0 0 0 0 0 0 0 0 0 0 0 0 0 0 0 0 0 0 0 0 0 0 0 0 0 0 0 0 0 0 0 0 0 0 0 0 0 0 0 0 0 0 0 0 0 0 0 0 0 0 0 0 0 0 0 0 0 0 0 0 0 0 0 0 0 0 0 0 0 0 0 0 0 0 0 0 0 0 0 0 0 0 0 0 0 0 0 0 0 0 0 0 0 0 0 0 0 0 0 0 0 0 0 0 1 1 0 0 49 20 1 0 1 0 0 0 0 0 0 0 0 0 0 0 2 0 0 0 0 0 9 0 2 0 0 0 136 0 0 0 255 255 255 255 7 0 2 0 0 0 0 0 data 17 0x20007 0x227d 0x70 0x9 0x70005 0x0 0x2b8193b0 0x5 0x2b819460 0x4 0xa0007 0x5 0x38 0x4 0xe0003 0x2281 0x18 oops 2 6 java/util/zip/ZipFile$ZipFileInflaterInputStream 8 javafx/scene/paint/LinearGradient
ciMethod javafx/beans/value/ObservableValue getValue ()Ljava/lang/Object; 0 0 1 0 -1
ciMethod javafx/beans/value/ObservableObjectValue get ()Ljava/lang/Object; 0 0 1 0 -1
ciMethod javafx/beans/value/WritableObjectValue set (Ljava/lang/Object;)V 0 0 1 0 -1
ciMethod javafx/beans/property/ObjectPropertyBase get ()Ljava/lang/Object; 2913 1 25864 0 96
ciMethod javafx/scene/paint/Color to32BitInteger (IIII)I 3129 1 383 0 0
ciMethod javafx/scene/paint/Color hashCode ()I 3129 1 383 0 0
ciMethod javafx/stage/Window getScene ()Ljavafx/scene/Scene; 57 1 51 0 -1
ciMethod javafx/css/Styleable getStyleableParent ()Ljavafx/css/Styleable; 0 0 1 0 -1
ciMethod javafx/css/Styleable getPseudoClassStates ()Ljavafx/collections/ObservableSet; 0 0 1 0 -1
ciMethod javafx/scene/Node getSubScene ()Ljavafx/scene/SubScene; 1209 1 151 0 0
ciMethod javafx/scene/Node getScene ()Ljavafx/scene/Scene; 2065 1 10828 0 160
ciMethod sun/util/logging/PlatformLogger isLoggable (Lsun/util/logging/PlatformLogger$Level;)Z 609 1 1119 0 -1
ciMethod sun/util/logging/PlatformLogger warning (Ljava/lang/String;)V 9 1 5 0 -1
ciMethod javafx/scene/Scene getRoot ()Ljavafx/scene/Parent; 3113 1 7984 0 0
ciMethod javafx/scene/SubScene getRoot ()Ljavafx/scene/Parent; 0 0 1 0 -1
ciMethod com/sun/javafx/css/PseudoClassState size ()I 2137 1 3918 0 0
ciMethod com/sun/javafx/css/BitSet size ()I 4097 4769 6809 0 128
ciMethodData java/util/HashSet add (Ljava/lang/Object;)Z 2 5504 orig 264 8 131 143 113 0 0 0 0 176 132 187 23 0 0 0 0 184 1 0 0 0 0 0 0 0 0 0 0 0 0 0 0 0 0 0 0 0 0 0 0 0 0 0 0 0 0 0 0 0 0 0 0 0 0 0 0 0 0 0 0 0 0 0 0 0 0 0 0 0 0 0 0 0 0 0 0 0 0 0 0 77 68 79 32 101 120 116 114 97 32 100 97 116 97 32 108 111 99 107 0 0 0 0 0 0 0 0 0 0 0 0 0 0 0 0 0 0 0 0 0 0 0 0 0 0 0 0 0 0 0 0 0 0 0 0 0 0 0 0 0 0 0 0 0 0 0 0 0 0 0 0 0 0 0 0 0 0 0 0 0 0 0 0 0 0 0 0 0 0 0 0 0 0 0 0 0 0 0 0 0 0 0 0 0 0 0 0 0 0 0 0 0 0 0 0 0 0 0 0 0 0 0 0 0 0 0 0 0 0 0 0 0 0 0 0 0 59 1 0 0 17 162 0 0 1 0 0 0 0 0 0 0 0 0 0 0 2 0 0 0 0 0 6 0 2 0 0 0 104 0 0 0 255 255 255 255 5 0 8 0 0 0 0 0 data 13 0x80005 0x0 0x1a4ac520 0x137e 0x1a4ae100 0xc4 0xb0007 0x45f 0x38 0xfe3 0xf0003 0xfe3 0x18 oops 2 2 java/util/HashMap 4 java/util/LinkedHashMap
ciMethod com/sun/javafx/css/Selector stateMatches (Ljavafx/css/Styleable;Ljava/util/Set;)Z 0 0 1 0 -1
ciMethodData java/util/HashMap removeNode (ILjava/lang/Object;Ljava/lang/Object;ZZ)Ljava/util/HashMap$Node; 2 2129 orig 264 8 131 143 113 0 0 0 0 144 155 173 23 0 0 0 0 152 6 0 0 224 4 0 0 0 0 0 0 0 0 0 0 0 0 0 0 0 0 0 0 0 0 0 0 0 0 0 0 0 0 0 0 0 0 0 0 0 0 0 0 0 0 0 0 0 0 0 0 0 0 0 0 0 0 0 0 0 0 0 0 77 68 79 32 101 120 116 114 97 32 100 97 116 97 32 108 111 99 107 0 0 0 0 0 0 0 0 0 0 0 0 0 0 0 0 0 0 0 0 0 0 0 0 0 0 0 0 0 0 0 0 0 0 0 0 0 0 0 0 0 0 0 0 0 0 0 0 0 0 0 0 0 0 0 0 0 0 0 0 0 0 0 0 0 0 0 0 0 0 0 0 0 0 0 0 0 0 0 0 0 0 0 0 0 0 0 0 0 0 0 0 0 0 0 0 0 0 0 0 0 0 0 0 0 0 0 0 0 0 0 0 0 0 0 0 0 128 1 0 0 137 54 0 0 1 0 0 0 0 0 0 0 0 0 0 0 2 0 0 0 1 0 54 0 2 0 0 0 40 5 0 0 255 255 255 255 7 0 7 0 0 0 0 0 data 165 0x70007 0x4c 0x528 0x685 0x100007 0x0 0x508 0x685 0x220007 0x109 0x4e8 0x57c 0x2e0007 0x7 0xc8 0x575 0x3a0007 0x540 0x90 0x35 0x3e0007 0x0 0x88 0x35 0x440005 0x0 0x332af80 0x35 0x0 0x0 0x470007 0x0 0x38 0x35 0x4e0003 0x575 0x1e8 0x590007 0x0 0x1d0 0x7 0x5e0004 0xfffffffffffffff9 0x0 0x0 0x0 0x0 0x610007 0x7 0x98 0x0 0x660004 0x0 0x0 0x0 0x0 0x0 0x6b0005 0x0 0x0 0x0 0x0 0x0 0x700003 0x0 0x100 0x790007 0x0 0xc8 0x7 0x850007 0x2 0x90 0x5 0x890007 0x0 0x88 0x5 0x8f0005 0x0 0x332af80 0x5 0x0 0x0 0x920007 0x0 0x38 0x5 0x990003 0x7 0x38 0xa80007 0x0 0xffffffffffffff38 0x0 0xad0007 0x0 0x230 0x57c 0xb20007 0x57c 0xb0 0x0 0xbe0007 0x0 0x90 0x0 0xc20007 0x0 0x1d0 0x0 0xc80005 0x0 0x0 0x0 0x0 0x0 0xcb0007 0x0 0x180 0x0 0xd00004 0xfffffffffffffa84 0x1a4ad880 0x3 0x0 0x0 0xd30007 0x57c 0x98 0x0 0xd80004 0x0 0x0 0x0 0x0 0x0 0xe00005 0x0 0x0 0x0 0x0 0x0 0xe30003 0x0 0x80 0xea0007 0x7 0x68 0x575 0xf60104 0x0 0x1a4ad880 0x14 0x0 0x0 0xf70003 0x575 0x18 0x11b0005 0x0 0x1a4ac520 0x57c 0x0 0x0 oops 5 26 java/lang/String 80 java/lang/String 123 java/util/HashMap$Node 152 java/util/HashMap$Node 161 java/util/HashMap
ciMethodData java/util/HashMap remove (Ljava/lang/Object;)Ljava/lang/Object; 2 2082 orig 264 8 131 143 113 0 0 0 0 192 153 173 23 0 0 0 0 200 1 0 0 0 0 0 0 0 0 0 0 0 0 0 0 0 0 0 0 0 0 0 0 0 0 0 0 0 0 0 0 0 0 0 0 0 0 0 0 0 0 0 0 0 0 0 0 0 0 0 0 0 0 0 0 0 0 0 0 0 0 0 0 77 68 79 32 101 120 116 114 97 32 100 97 116 97 32 108 111 99 107 0 0 0 0 0 0 0 0 0 0 0 0 0 0 0 0 0 0 0 0 0 0 0 0 0 0 0 0 0 0 0 0 0 0 0 0 0 0 0 0 0 0 0 0 0 0 0 0 0 0 0 0 0 0 0 0 0 0 0 0 0 0 0 0 0 0 0 0 0 0 0 0 0 0 0 0 0 0 0 0 0 0 0 0 0 0 0 0 0 0 0 0 0 0 0 0 0 0 0 0 0 0 0 0 0 0 0 0 0 0 0 0 0 0 0 0 0 131 1 0 0 249 52 0 0 1 0 0 0 0 0 0 0 0 0 0 0 2 0 0 0 0 0 10 0 2 0 0 0 120 0 0 0 255 255 255 255 2 0 2 0 0 0 0 0 data 15 0x20002 0x69f 0x90005 0x1 0x1a4ac520 0x69e 0x0 0x0 0xe0007 0x54b 0x38 0x154 0x120003 0x154 0x18 oops 1 4 java/util/HashMap
ciMethod com/sun/javafx/css/StyleManager getInstance ()Lcom/sun/javafx/css/StyleManager; 3073 1 5793 0 0
ciMethod com/sun/javafx/css/StyleManager getCacheContainer (Ljavafx/css/Styleable;Ljavafx/scene/SubScene;)Lcom/sun/javafx/css/StyleManager$CacheContainer; 3137 1 5710 0 0
ciMethod com/sun/javafx/css/StyleManager getStyleMap (Ljavafx/css/Styleable;Ljavafx/scene/SubScene;I)Lcom/sun/javafx/css/StyleMap; 4097 1 4862 0 0
ciMethod com/sun/javafx/css/Stylesheet getOrigin ()Ljavafx/css/StyleOrigin; 1169 1 146 0 0
ciMethod com/sun/javafx/css/Rule getOrigin ()Ljavafx/css/StyleOrigin; 505 1 2878 0 0
ciMethod com/sun/javafx/css/Rule toString ()Ljava/lang/String; 0 0 1 0 -1
ciMethodData com/sun/javafx/css/BitSet size ()I 2 6960 orig 264 8 131 143 113 0 0 0 0 216 227 20 24 0 0 0 0 208 1 0 0 0 0 0 0 0 0 0 0 0 0 0 0 0 0 0 0 0 0 0 0 0 0 0 0 0 0 0 0 0 0 0 0 0 0 0 0 0 0 0 0 0 0 0 0 0 0 0 0 0 0 0 0 0 0 0 0 0 0 0 0 77 68 79 32 101 120 116 114 97 32 100 97 116 97 32 108 111 99 107 0 0 0 0 0 0 0 0 0 0 0 0 0 0 0 0 0 0 0 0 0 0 0 0 0 0 0 0 0 0 0 0 0 0 0 0 0 0 0 0 0 0 0 0 0 0 0 0 0 0 0 0 0 0 0 0 0 0 0 0 0 0 0 0 0 0 0 0 0 0 0 0 0 0 0 0 0 0 0 0 0 0 0 0 0 0 0 0 0 0 0 0 0 0 0 0 0 0 0 0 0 0 0 0 0 0 0 0 0 0 0 0 0 0 0 0 0 84 2 0 0 201 196 0 0 225 198 0 0 0 0 0 0 0 0 0 0 2 0 0 0 1 0 12 0 2 0 0 0 136 0 0 0 255 255 255 255 7 0 7 0 0 0 0 0 data 17 0x70007 0xa25 0x88 0xe74 0x120007 0xe74 0x68 0x18db 0x1f0007 0xa18 0x30 0xec3 0x240002 0xec3 0x2c0003 0x18db 0xffffffffffffffb0 oops 0
ciMethodData java/util/HashMap$TreeNode getTreeNode (ILjava/lang/Object;)Ljava/util/HashMap$TreeNode; 1 388 orig 264 8 131 143 113 0 0 0 0 216 72 186 23 0 0 0 0 240 1 0 0 80 0 0 0 0 0 0 0 0 0 0 0 0 0 0 0 0 0 0 0 0 0 0 0 0 0 0 0 0 0 0 0 0 0 0 0 0 0 0 0 0 0 0 0 0 0 0 0 0 0 0 0 0 0 0 0 0 0 0 0 77 68 79 32 101 120 116 114 97 32 100 97 116 97 32 108 111 99 107 0 0 0 0 0 0 0 0 0 0 0 0 0 0 0 0 0 0 0 0 0 0 0 0 0 0 0 0 0 0 0 0 0 0 0 0 0 0 0 0 0 0 0 0 0 0 0 0 0 0 0 0 0 0 0 0 0 0 0 0 0 0 0 0 0 0 0 0 0 0 0 0 0 0 0 0 0 0 0 0 0 0 0 0 0 0 0 0 0 0 0 0 0 0 0 0 0 0 0 0 0 0 0 0 0 0 0 0 0 0 0 0 0 0 0 0 0 159 0 0 0 41 7 0 0 1 0 0 0 0 0 0 0 0 0 0 0 2 0 0 0 0 0 0 0 0 0 0 0 152 0 0 0 255 255 255 255 7 0 4 0 0 0 0 0 data 19 0x40007 0xe5 0x68 0x0 0x80005 0x0 0x0 0x0 0x0 0x0 0xb0003 0x0 0x18 0x120005 0x35 0x2adc7770 0xb0 0x0 0x0 oops 1 15 java/util/HashMap$TreeNode
ciMethodData java/util/HashMap$TreeNode root ()Ljava/util/HashMap$TreeNode; 1 0 orig 264 8 131 143 113 0 0 0 0 192 69 186 23 0 0 0 0 88 1 0 0 0 0 0 0 0 0 0 0 0 0 0 0 0 0 0 0 0 0 0 0 0 0 0 0 0 0 0 0 0 0 0 0 0 0 0 0 0 0 0 0 0 0 0 0 0 0 0 0 0 0 0 0 0 0 0 0 0 0 0 0 77 68 79 32 101 120 116 114 97 32 100 97 116 97 32 108 111 99 107 0 0 0 0 0 0 0 0 0 0 0 0 0 0 0 0 0 0 0 0 0 0 0 0 0 0 0 0 0 0 0 0 0 0 0 0 0 0 0 0 0 0 0 0 0 0 0 0 0 0 0 0 0 0 0 0 0 0 0 0 0 0 0 0 0 0 0 0 0 0 0 0 0 0 0 0 0 0 0 0 0 0 0 0 0 1 0 0 0 0 0 0 0 0 0 0 0 0 0 0 0 1 0 0 0 0 0 0 0 1 0 0 0 0 0 0 0 0 0 0 0 1 0 0 0 1 0 0 0 0 0 0 0 0 0 0 0 2 0 0 0 0 0 0 0 0 0 0 0 56 0 0 0 255 255 255 255 7 0 8 0 0 0 0 0 data 7 0x80007 0x0 0x20 0x0 0xf0003 0x0 0xffffffffffffffe0 oops 0
ciMethodData java/util/HashMap$TreeNode find (ILjava/lang/Object;Ljava/lang/Class;)Ljava/util/HashMap$TreeNode; 1 1536 orig 264 8 131 143 113 0 0 0 0 48 72 186 23 0 0 0 0 16 4 0 0 112 2 0 0 0 0 0 0 0 0 0 0 0 0 0 0 0 0 0 0 0 0 0 0 0 0 0 0 0 0 0 0 0 0 0 0 0 0 0 0 0 0 0 0 0 0 0 0 0 0 0 0 0 0 0 0 0 0 0 0 77 68 79 32 101 120 116 114 97 32 100 97 116 97 32 108 111 99 107 0 0 0 0 0 0 0 0 0 0 0 0 0 0 0 0 0 0 0 0 0 0 0 0 0 0 0 0 0 0 0 0 0 0 0 0 0 0 0 0 0 0 0 0 0 0 0 0 0 0 0 0 0 0 0 0 0 0 0 0 0 0 0 0 0 0 0 0 0 0 0 0 0 0 0 0 0 0 0 0 0 0 0 0 0 0 0 0 0 0 0 0 0 0 0 0 0 0 0 0 0 0 0 0 0 0 0 0 0 0 0 0 0 0 0 0 0 101 2 0 0 81 13 0 0 217 28 0 0 0 0 0 0 0 0 0 0 2 0 0 0 1 0 43 0 2 0 0 0 176 2 0 0 255 255 255 255 7 0 26 0 0 0 0 0 data 86 0x1a0007 0x3a6 0x38 0x19b 0x210003 0x19b 0x270 0x270007 0x136 0x38 0x270 0x2e0003 0x270 0x238 0x3a0007 0x0 0x90 0x136 0x3e0007 0x0 0x70 0x136 0x440005 0x22 0x1b6b14d0 0x106 0x1b6b1580 0xe 0x470007 0x85 0x20 0xb1 0x4f0007 0x67 0x38 0x1e 0x560003 0x1e 0x170 0x5b0007 0x60 0x38 0x7 0x620003 0x7 0x138 0x660007 0x0 0x50 0x60 0x6a0002 0x60 0x6f0007 0x60 0xa0 0x0 0x760002 0x0 0x7c0007 0x0 0x70 0x0 0x810007 0x0 0x38 0x0 0x860003 0x0 0x18 0x8d0003 0x0 0x68 0x950005 0x60 0x0 0x0 0x0 0x0 0x9b0007 0x27 0x20 0x39 0xa70007 0x397 0xfffffffffffffd70 0xc0 oops 2 24 com/sun/javafx/css/SelectorPartitioning$PartitionKey 26 javassist/bytecode/ClassInfo
ciMethodData javafx/beans/property/ObjectPropertyBase get ()Ljava/lang/Object; 2 25864 orig 264 8 131 143 113 0 0 0 0 128 104 226 23 0 0 0 0 176 1 0 0 32 0 0 0 0 0 0 0 0 0 0 0 0 0 0 0 0 0 0 0 0 0 0 0 0 0 0 0 0 0 0 0 0 0 0 0 0 0 0 0 0 0 0 0 0 0 0 0 0 0 0 0 0 0 0 0 0 0 0 0 77 68 79 32 101 120 116 114 97 32 100 97 116 97 32 108 111 99 107 0 0 0 0 0 0 0 0 0 0 0 0 0 0 0 0 0 0 0 0 0 0 0 0 0 0 0 0 0 0 0 0 0 0 0 0 0 0 0 0 0 0 0 0 0 0 0 0 0 0 0 0 0 0 0 0 0 0 0 0 0 0 0 0 0 0 0 0 0 0 0 0 0 0 0 0 0 0 0 0 0 0 0 0 0 0 0 0 0 0 0 0 0 0 0 0 0 0 0 0 0 0 0 0 0 0 0 0 0 0 0 0 0 0 0 0 0 108 1 0 0 225 28 3 0 1 0 0 0 0 0 0 0 0 0 0 0 2 0 0 0 0 0 6 0 2 0 0 0 104 0 0 0 255 255 255 255 7 0 9 0 0 0 0 0 data 13 0x90007 0x6 0x38 0x6396 0x100003 0x6396 0x48 0x170005 0x1 0x1a2741c0 0x3 0x1a274270 0x2 oops 2 9 javafx/scene/control/Labeled$14 11 javafx/scene/control/Labeled$6
ciMethod javafx/scene/CssStyleHelper getStyleMap (Ljavafx/css/Styleable;)Lcom/sun/javafx/css/StyleMap; 2113 1 4878 0 0
ciMethod javafx/scene/CssStyleHelper getStyle (Ljavafx/css/Styleable;Ljava/lang/String;Lcom/sun/javafx/css/StyleMap;Ljava/util/Set;)Lcom/sun/javafx/css/CascadingStyle; 2585 33 6129 0 2240
ciMethod javafx/scene/CssStyleHelper resolveRef (Ljavafx/css/Styleable;Ljava/lang/String;Lcom/sun/javafx/css/StyleMap;Ljava/util/Set;)Lcom/sun/javafx/css/CascadingStyle; 2065 1 5546 0 0
ciMethod javafx/scene/CssStyleHelper resolveLookups (Ljavafx/css/Styleable;Lcom/sun/javafx/css/ParsedValueImpl;Lcom/sun/javafx/css/StyleMap;Ljava/util/Set;Ljavafx/beans/property/ObjectProperty;Ljava/util/Set;)Lcom/sun/javafx/css/ParsedValueImpl; 2201 1057 6063 0 -1
ciMethod javafx/css/ParsedValue getValue ()Ljava/lang/Object; 3505 1 438 0 0
ciMethod javafx/css/ParsedValue getConverter ()Ljavafx/css/StyleConverter; 1137 1 142 0 0
ciMethod javafx/css/ParsedValue <init> (Ljava/lang/Object;Ljavafx/css/StyleConverter;)V 2433 1 3439 0 0
ciMethod com/sun/javafx/css/ParsedValueImpl isLookup ()Z 1265 1 158 0 0
ciMethod com/sun/javafx/css/ParsedValueImpl isContainsLookups ()Z 1129 1 141 0 0
ciMethod com/sun/javafx/css/ParsedValueImpl getContainsLookupsFlag (Ljava/lang/Object;)Z 2449 1785 3238 0 0
ciMethod com/sun/javafx/css/ParsedValueImpl <init> (Ljava/lang/Object;Ljavafx/css/StyleConverter;Z)V 2249 1 3295 0 0
ciMethod com/sun/javafx/css/ParsedValueImpl equals (Ljava/lang/Object;)Z 193 1 24 0 0
ciMethod com/sun/javafx/css/ParsedValueImpl hashCode ()I 3193 545 4576 0 0
ciMethod com/sun/javafx/css/StyleManager$CacheContainer <init> ()V 9 1 8 0 0
ciMethod com/sun/javafx/css/StyleManager$CacheContainer getStyleMapList ()Ljava/util/List; 2049 1 10376 0 0
ciMethod com/sun/javafx/css/StyleManager$CacheContainer getStyleMap (I)Lcom/sun/javafx/css/StyleMap; 2137 1 5115 0 0
ciMethod com/sun/javafx/css/Declaration getParsedValueImpl ()Lcom/sun/javafx/css/ParsedValueImpl; 1153 1 144 0 0
ciMethod com/sun/javafx/css/Declaration getRule ()Lcom/sun/javafx/css/Rule; 1169 1 146 0 0
ciMethod com/sun/javafx/css/StyleMap isEmpty ()Z 2097 1 5657 0 -1
ciMethod com/sun/javafx/css/StyleMap getCascadingStyles ()Ljava/util/Map; 2529 1329 11683 0 -1
ciMethod com/sun/javafx/css/CascadingStyle getSelector ()Lcom/sun/javafx/css/Selector; 193 1 745 0 -1
ciMethod com/sun/javafx/css/CascadingStyle getRule ()Lcom/sun/javafx/css/Rule; 361 1 2304 0 0
ciMethod com/sun/javafx/css/CascadingStyle getOrigin ()Ljavafx/css/StyleOrigin; 361 1 2304 0 0
ciMethod com/sun/javafx/css/CascadingStyle getParsedValueImpl ()Lcom/sun/javafx/css/ParsedValueImpl; 489 1 3661 0 0
ciMethod javafx/scene/CssStyleHelper$CacheContainer getStyleMap (Ljavafx/css/Styleable;)Lcom/sun/javafx/css/StyleMap; 2113 1 4862 0 0
ciMethod javafx/scene/CssStyleHelper$CacheContainer access$700 (Ljavafx/scene/CssStyleHelper$CacheContainer;Ljavafx/css/Styleable;)Lcom/sun/javafx/css/StyleMap; 2113 1 4862 0 0
ciMethodData javafx/scene/Node getScene ()Ljavafx/scene/Scene; 2 10828 orig 264 8 131 143 113 0 0 0 0 200 114 255 23 0 0 0 0 168 1 0 0 0 0 0 0 0 0 0 0 0 0 0 0 0 0 0 0 0 0 0 0 0 0 0 0 0 0 0 0 0 0 0 0 0 0 0 0 0 0 0 0 0 0 0 0 0 0 0 0 0 0 0 0 0 0 0 0 0 0 0 0 77 68 79 32 101 120 116 114 97 32 100 97 116 97 32 108 111 99 107 0 0 0 0 0 0 0 0 0 0 0 0 0 0 0 0 0 0 0 0 0 0 0 0 0 0 0 0 0 0 0 0 0 0 0 0 0 0 0 0 0 0 0 0 0 0 0 0 0 0 0 0 0 0 0 0 0 0 0 0 0 0 0 0 0 0 0 0 0 0 0 0 0 0 0 0 0 0 0 0 0 0 0 0 0 0 0 0 0 0 0 0 0 0 0 0 0 0 0 0 0 0 0 0 0 0 0 0 0 0 0 0 0 0 0 0 0 2 1 0 0 81 74 1 0 1 0 0 0 0 0 0 0 0 0 0 0 2 0 0 0 0 0 7 0 2 0 0 0 96 0 0 0 255 255 255 255 5 0 4 0 0 0 0 0 data 12 0x40005 0x0 0x1a271660 0x294a 0x0 0x0 0x70104 0x0 0x2af9a2f0 0x22a8 0x2af9bb00 0x4b oops 3 2 javafx/scene/Node$ReadOnlyObjectWrapperManualFire 8 javafx/scene/Scene 10 javafx/scene/Scene$3$1
ciMethodData java/lang/Enum compareTo (Ljava/lang/Enum;)I 2 1842 orig 264 8 131 143 113 0 0 0 0 128 72 181 23 0 0 0 0 96 2 0 0 0 0 0 0 0 0 0 0 0 0 0 0 0 0 0 0 0 0 0 0 0 0 0 0 0 0 0 0 0 0 0 0 0 0 0 0 0 0 0 0 0 0 0 0 0 0 0 0 0 0 0 0 0 0 0 0 0 0 0 0 77 68 79 32 101 120 116 114 97 32 100 97 116 97 32 108 111 99 107 0 0 0 0 0 0 0 0 0 0 0 0 0 0 0 0 0 0 0 0 0 0 0 0 0 0 0 0 0 0 0 0 0 0 0 0 0 0 0 0 0 0 0 0 0 0 0 0 0 0 0 0 0 0 0 0 0 0 0 0 0 0 0 0 0 0 0 0 0 0 0 0 0 0 0 0 0 0 0 0 0 0 0 0 0 25 0 0 0 0 0 0 0 0 0 0 0 0 0 0 0 3 0 0 0 0 0 0 0 0 0 0 0 0 0 0 0 31 0 0 0 153 56 0 0 1 0 0 0 0 0 0 0 0 0 0 0 2 0 0 0 0 0 16 0 2 0 0 0 16 1 0 0 255 255 255 255 5 0 5 0 0 0 0 0 data 34 0x50005 0x10f 0x2b728ce0 0xa8 0x2ae651f0 0x55c 0x90005 0x10f 0x2b728ce0 0xa8 0x2ae651f0 0x55c 0xc0007 0x713 0xb0 0x0 0x100005 0x0 0x0 0x0 0x0 0x0 0x140005 0x0 0x0 0x0 0x0 0x0 0x170007 0x0 0x30 0x0 0x1e0002 0x0 oops 4 2 com/sun/javafx/scene/CssFlags 4 javafx/css/StyleOrigin 8 com/sun/javafx/scene/CssFlags 10 javafx/css/StyleOrigin
ciMethodData com/sun/javafx/css/ParsedValueImpl <init> (Ljava/lang/Object;Ljavafx/css/StyleConverter;Z)V 2 3439 orig 264 8 131 143 113 0 0 0 0 176 234 115 36 0 0 0 0 216 1 0 0 64 0 0 0 0 0 0 0 0 0 0 0 0 0 0 0 0 0 0 0 0 0 0 0 0 0 0 0 0 0 0 0 0 0 0 0 0 0 0 0 0 0 0 0 0 0 0 0 0 0 0 0 0 0 0 0 0 0 0 0 77 68 79 32 101 120 116 114 97 32 100 97 116 97 32 108 111 99 107 0 0 0 0 0 0 0 0 0 0 0 0 0 0 0 0 0 0 0 0 0 0 0 0 0 0 0 0 0 0 0 0 0 0 0 0 0 0 0 0 0 0 0 0 0 0 0 0 0 0 0 0 0 0 0 0 0 0 0 0 0 0 0 0 0 0 0 0 0 0 0 0 0 0 0 0 0 0 0 0 0 0 0 0 0 0 0 0 0 0 0 0 0 0 0 0 0 0 0 0 0 0 0 0 0 0 0 0 0 0 0 0 0 0 0 0 0 21 1 0 0 177 98 0 0 1 0 0 0 0 0 0 0 0 0 0 0 2 0 0 0 0 0 9 0 2 0 0 0 120 0 0 0 255 255 255 255 2 0 3 0 0 0 0 0 data 15 0x30002 0xc56 0x130007 0x9f 0x50 0xbb7 0x170002 0xbb7 0x1a0007 0xb30 0x38 0x87 0x1e0003 0x126 0x18 oops 0
ciMethodData javafx/css/ParsedValue <init> (Ljava/lang/Object;Ljavafx/css/StyleConverter;)V 2 3439 orig 264 8 131 143 113 0 0 0 0 200 213 115 36 0 0 0 0 64 1 0 0 0 0 0 0 0 0 0 0 0 0 0 0 0 0 0 0 0 0 0 0 0 0 0 0 0 0 0 0 0 0 0 0 0 0 0 0 0 0 0 0 0 0 0 0 0 0 0 0 0 0 0 0 0 0 0 0 0 0 0 0 77 68 79 32 101 120 116 114 97 32 100 97 116 97 32 108 111 99 107 0 0 0 0 0 0 0 0 0 0 0 0 0 0 0 0 0 0 0 0 0 0 0 0 0 0 0 0 0 0 0 0 0 0 0 0 0 0 0 0 0 0 0 0 0 0 0 0 0 0 0 0 0 0 0 0 0 0 0 0 0 0 0 0 0 0 0 0 0 0 0 0 0 0 0 0 0 0 0 0 0 0 0 0 0 0 0 0 0 0 0 0 0 0 0 0 0 0 0 0 0 0 0 0 0 0 0 0 0 0 0 0 0 0 0 0 0 48 1 0 0 249 97 0 0 1 0 0 0 0 0 0 0 0 0 0 0 2 0 0 0 0 0 3 0 2 0 0 0 16 0 0 0 255 255 255 255 2 0 1 0 0 0 0 0 data 2 0x10002 0xc3f oops 0
ciMethodData com/sun/javafx/css/ParsedValueImpl getContainsLookupsFlag (Ljava/lang/Object;)Z 2 5933 orig 264 8 131 143 113 0 0 0 0 208 231 115 36 0 0 0 0 112 6 0 0 144 3 0 0 0 0 0 0 0 0 0 0 0 0 0 0 0 0 0 0 0 0 0 0 0 0 0 0 0 0 0 0 0 0 0 0 0 0 0 0 0 0 0 0 0 0 0 0 0 0 0 0 0 0 0 0 0 0 0 0 77 68 79 32 101 120 116 114 97 32 100 97 116 97 32 108 111 99 107 0 0 0 0 0 0 0 0 0 0 0 0 0 0 0 0 0 0 0 0 0 0 0 0 0 0 0 0 0 0 0 0 0 0 0 0 0 0 0 0 0 0 0 0 0 0 0 0 0 0 0 0 0 0 0 0 0 0 0 0 0 0 0 0 0 0 0 0 0 0 0 0 0 0 0 0 0 0 0 0 0 0 0 0 0 0 0 0 0 0 0 0 0 0 0 0 0 0 0 0 0 0 0 0 0 0 0 0 0 0 0 0 0 0 0 0 0 37 1 0 0 161 91 0 0 113 178 0 0 0 0 0 0 0 0 0 0 2 0 0 0 3 0 59 0 2 0 0 0 40 5 0 0 255 255 255 255 4 0 3 0 0 0 0 0 data 165 0x30004 0xfffffffffffff78e 0x2b419490 0x302 0x2ae652a0 0x42 0x60007 0x872 0x38 0x302 0xb0003 0x302 0x4d8 0xf0004 0xfffffffffffff792 0x2ae652a0 0x42 0x2ae68e20 0xc 0x120007 0x86e 0xc0 0x4 0x160004 0x0 0x2ae63e70 0x4 0x0 0x0 0x1e0007 0x0 0x40 0x4 0x250007 0x4 0x38 0x0 0x290003 0x0 0x18 0x2e0003 0x4 0x3e8 0x320004 0xffffffffffffffa6 0x2ae652a0 0x814 0x2ae68e20 0xc 0x350007 0x5a 0x188 0x814 0x390004 0x0 0x2ae652a0 0x814 0x0 0x0 0x3c0004 0x0 0x2ae652a0 0x42 0x0 0x0 0x450007 0x7cc 0xf0 0x1542 0x490007 0x48 0xd0 0x14fa 0x4f0007 0x14 0x98 0x14e6 0x530007 0x0 0x60 0x14e6 0x5c0007 0x48 0x40 0x149e 0x650007 0x147a 0x38 0x24 0x690003 0x6c 0x18 0x710003 0x14fa 0xffffffffffffff28 0x740003 0x814 0x230 0x780004 0xffffffffffffffc8 0x2ae68e20 0x22 0x2b419540 0x2 0x7b0007 0x38 0x1e8 0x22 0x7f0004 0x0 0x2ae68e20 0x22 0x0 0x0 0x820004 0x0 0x2ae68e20 0xc 0x0 0x0 0x8b0007 0x22 0x168 0x44 0x8f0007 0x0 0x148 0x44 0x950007 0x0 0x110 0x44 0xa10007 0x44 0xf0 0x110 0xa50007 0x0 0xd0 0x110 0xae0007 0x0 0x98 0x110 0xb20007 0x0 0x60 0x110 0xbe0007 0x0 0x40 0x110 0xca0007 0x110 0x38 0x0 0xce0003 0x0 0x18 0xd60003 0x110 0xffffffffffffff28 0xdc0003 0x44 0xfffffffffffffeb0 oops 13 2 com/sun/javafx/css/Size 4 [Lcom/sun/javafx/css/ParsedValueImpl; 15 [Lcom/sun/javafx/css/ParsedValueImpl; 17 [[Lcom/sun/javafx/css/ParsedValueImpl; 25 com/sun/javafx/css/ParsedValueImpl 45 [Lcom/sun/javafx/css/ParsedValueImpl; 47 [[Lcom/sun/javafx/css/ParsedValueImpl; 55 [Lcom/sun/javafx/css/ParsedValueImpl; 61 [Lcom/sun/javafx/css/ParsedValueImpl; 100 [[Lcom/sun/javafx/css/ParsedValueImpl; 102 javafx/scene/paint/Color 110 [[Lcom/sun/javafx/css/ParsedValueImpl; 116 [[Lcom/sun/javafx/css/ParsedValueImpl;
ciMethod com/sun/javafx/css/Style getDeclaration ()Lcom/sun/javafx/css/Declaration; 5937 1 742 0 0
ciMethodData javafx/scene/CssStyleHelper getStyle (Ljavafx/css/Styleable;Ljava/lang/String;Lcom/sun/javafx/css/StyleMap;Ljava/util/Set;)Lcom/sun/javafx/css/CascadingStyle; 2 6129 orig 264 8 131 143 113 0 0 0 0 232 157 115 36 0 0 0 0 80 5 0 0 24 2 0 0 0 0 0 0 0 0 0 0 0 0 0 0 0 0 0 0 0 0 0 0 0 0 0 0 0 0 0 0 0 0 0 0 0 0 0 0 0 0 0 0 0 0 0 0 0 0 0 0 0 0 0 0 0 0 0 0 77 68 79 32 101 120 116 114 97 32 100 97 116 97 32 108 111 99 107 0 0 0 0 0 0 0 0 0 0 0 0 0 0 0 0 0 0 0 0 0 0 0 0 0 0 0 0 0 0 0 0 0 0 0 0 0 0 0 0 0 0 0 0 0 0 0 0 0 0 0 0 0 0 0 0 0 0 0 0 0 0 0 0 0 0 0 0 0 0 0 0 0 0 0 0 0 0 0 0 0 0 0 0 0 0 0 0 0 0 0 0 0 0 0 0 0 0 0 0 0 0 0 0 0 0 0 0 0 0 0 0 0 0 0 0 0 67 1 0 0 113 181 0 0 65 6 0 0 0 0 0 0 0 0 0 0 2 0 0 0 1 0 33 0 2 0 0 0 232 3 0 0 255 255 255 255 7 0 1 0 0 0 0 0 data 125 0x10007 0x0 0x70 0x16ae 0x50005 0x0 0x2ae63f40 0x16ae 0x0 0x0 0x80007 0x1637 0x20 0x77 0xe0005 0x0 0x2ae63f40 0x1637 0x0 0x0 0x150007 0x0 0x70 0x1637 0x1a0005 0x0 0x1a4ac520 0x1637 0x0 0x0 0x1f0007 0x1637 0x20 0x0 0x270005 0x0 0x1a4ac520 0x1637 0x0 0x0 0x2c0104 0x0 0x1b6b0cd0 0x279 0x0 0x0 0x330007 0x13be 0x70 0x279 0x380005 0x0 0x1b6b0cd0 0x279 0x0 0x0 0x3d0007 0x279 0x20 0x0 0x470007 0x279 0x38 0x0 0x4b0003 0x0 0x48 0x500005 0x0 0x1b6b0cd0 0x279 0x0 0x0 0x5e0007 0x70 0x1a0 0x2d1 0x650005 0x0 0x1b6b0cd0 0x2d1 0x0 0x0 0x6a0004 0x0 0x2ae64fe0 0x2d1 0x0 0x0 0x710007 0x2d1 0x38 0x0 0x750003 0x0 0x48 0x7a0005 0x0 0x2ae64fe0 0x2d1 0x0 0x0 0x810007 0x2d1 0x38 0x0 0x840003 0x0 0x80 0x8c0005 0x0 0x1b6b0d80 0x2cc 0x1b6b0e30 0x5 0x8f0007 0xc8 0x38 0x209 0x960003 0x209 0x30 0x9c0003 0xc8 0xfffffffffffffe78 oops 12 6 com/sun/javafx/css/StyleMap 16 com/sun/javafx/css/StyleMap 26 java/util/HashMap 36 java/util/HashMap 42 java/util/ArrayList$SubList 52 java/util/ArrayList$SubList 69 java/util/ArrayList$SubList 79 java/util/ArrayList$SubList 85 com/sun/javafx/css/CascadingStyle 98 com/sun/javafx/css/CascadingStyle 111 com/sun/javafx/css/SimpleSelector 113 com/sun/javafx/css/CompoundSelector
ciMethodData com/sun/javafx/css/StyleManager$CacheContainer getStyleMapList ()Ljava/util/List; 2 10376 orig 264 8 131 143 113 0 0 0 0 200 131 116 36 0 0 0 0 80 1 0 0 0 0 0 0 0 0 0 0 0 0 0 0 0 0 0 0 0 0 0 0 0 0 0 0 0 0 0 0 0 0 0 0 0 0 0 0 0 0 0 0 0 0 0 0 0 0 0 0 0 0 0 0 0 0 0 0 0 0 0 0 77 68 79 32 101 120 116 114 97 32 100 97 116 97 32 108 111 99 107 0 0 0 0 0 0 0 0 0 0 0 0 0 0 0 0 0 0 0 0 0 0 0 0 0 0 0 0 0 0 0 0 0 0 0 0 0 0 0 0 0 0 0 0 0 0 0 0 0 0 0 0 0 0 0 0 0 0 0 0 0 0 0 0 0 0 0 0 0 0 0 0 0 0 0 0 0 0 0 0 0 0 0 0 0 0 0 0 0 0 0 0 0 0 0 0 0 0 0 0 0 0 0 0 0 0 0 0 0 0 0 0 0 0 0 0 0 0 1 0 0 65 60 1 0 1 0 0 0 0 0 0 0 0 0 0 0 2 0 0 0 0 0 6 0 2 0 0 0 48 0 0 0 255 255 255 255 7 0 4 0 0 0 0 0 data 6 0x40007 0x2781 0x30 0x7 0xc0002 0x7 oops 0
ciMethodData java/util/WeakHashMap get (Ljava/lang/Object;)Ljava/lang/Object; 2 5850 orig 264 8 131 143 113 0 0 0 0 184 56 176 23 0 0 0 0 104 2 0 0 80 0 0 0 0 0 0 0 0 0 0 0 0 0 0 0 0 0 0 0 0 0 0 0 0 0 0 0 0 0 0 0 0 0 0 0 0 0 0 0 0 0 0 0 0 0 0 0 0 0 0 0 0 0 0 0 0 0 0 0 77 68 79 32 101 120 116 114 97 32 100 97 116 97 32 108 111 99 107 0 0 0 0 0 0 0 0 0 0 0 0 0 0 0 0 0 0 0 0 0 0 0 0 0 0 0 0 0 0 0 0 0 0 0 0 0 0 0 0 0 0 0 0 0 0 0 0 0 0 0 0 0 0 0 0 0 0 0 0 0 0 0 0 0 0 0 0 0 0 0 0 0 0 0 0 0 0 0 0 0 0 0 0 0 0 0 0 0 0 0 0 0 0 0 0 0 0 0 0 0 0 0 0 0 0 0 0 0 0 0 0 0 0 0 0 0 144 1 0 0 81 170 0 0 249 2 0 0 0 0 0 0 0 0 0 0 2 0 0 0 1 0 22 0 2 0 0 0 24 1 0 0 255 255 255 255 2 0 1 0 0 0 0 0 data 35 0x10002 0x154a 0x70005 0x11 0x2af99480 0x1539 0x0 0x0 0xc0002 0x154a 0x150002 0x154a 0x230007 0x95 0xb8 0x1514 0x2c0007 0x5f 0x80 0x14b5 0x320005 0x0 0x2b1a57a0 0x14b5 0x0 0x0 0x350002 0x14b5 0x380007 0x0 0x20 0x14b5 0x480003 0x5f 0xffffffffffffff60 oops 2 4 java/util/WeakHashMap 22 java/util/WeakHashMap$Entry
ciMethodData com/sun/javafx/css/CascadingStyle getOrigin ()Ljavafx/css/StyleOrigin; 2 2420 orig 264 8 131 143 113 0 0 0 0 224 124 119 36 0 0 0 0 168 1 0 0 0 0 0 0 0 0 0 0 0 0 0 0 0 0 0 0 0 0 0 0 0 0 0 0 0 0 0 0 0 0 0 0 0 0 0 0 0 0 0 0 0 0 0 0 0 0 0 0 0 0 0 0 0 0 0 0 0 0 0 0 77 68 79 32 101 120 116 114 97 32 100 97 116 97 32 108 111 99 107 0 0 0 0 0 0 0 0 0 0 0 0 0 0 0 0 0 0 0 0 0 0 0 0 0 0 0 0 0 0 0 0 0 0 0 0 0 0 0 0 0 0 0 0 0 0 0 0 0 0 0 0 0 0 0 0 0 0 0 0 0 0 0 0 0 0 0 0 0 0 0 0 0 0 0 0 0 0 0 0 0 0 0 0 0 0 0 0 0 0 0 0 0 0 0 0 0 0 0 0 0 0 0 0 0 0 0 0 0 0 0 0 0 0 0 0 0 45 0 0 0 57 74 0 0 1 0 0 0 0 0 0 0 0 0 0 0 2 0 0 0 0 0 7 0 2 0 0 0 96 0 0 0 255 255 255 255 5 0 1 0 0 0 0 0 data 12 0x10005 0x0 0x2ae64fe0 0x947 0x0 0x0 0x40005 0x137 0x2b763a20 0x810 0x0 0x0 oops 2 2 com/sun/javafx/css/CascadingStyle 8 com/sun/javafx/css/Rule
ciMethodData com/sun/javafx/css/CascadingStyle getRule ()Lcom/sun/javafx/css/Rule; 2 2420 orig 264 8 131 143 113 0 0 0 0 72 124 119 36 0 0 0 0 168 1 0 0 0 0 0 0 0 0 0 0 0 0 0 0 0 0 0 0 0 0 0 0 0 0 0 0 0 0 0 0 0 0 0 0 0 0 0 0 0 0 0 0 0 0 0 0 0 0 0 0 0 0 0 0 0 0 0 0 0 0 0 0 77 68 79 32 101 120 116 114 97 32 100 97 116 97 32 108 111 99 107 0 0 0 0 0 0 0 0 0 0 0 0 0 0 0 0 0 0 0 0 0 0 0 0 0 0 0 0 0 0 0 0 0 0 0 0 0 0 0 0 0 0 0 0 0 0 0 0 0 0 0 0 0 0 0 0 0 0 0 0 0 0 0 0 0 0 0 0 0 0 0 0 0 0 0 0 0 0 0 0 0 0 0 0 0 0 0 0 0 0 0 0 0 0 0 0 0 0 0 0 0 0 0 0 0 0 0 0 0 0 0 0 0 0 0 0 0 45 0 0 0 57 74 0 0 1 0 0 0 0 0 0 0 0 0 0 0 2 0 0 0 0 0 3 0 2 0 0 0 96 0 0 0 255 255 255 255 5 0 4 0 0 0 0 0 data 12 0x40005 0x137 0x1b42e590 0x810 0x0 0x0 0x70005 0x137 0x1b42e820 0x810 0x0 0x0 oops 2 2 com/sun/javafx/css/Style 8 com/sun/javafx/css/Declaration
ciMethodData com/sun/javafx/css/Rule getOrigin ()Ljavafx/css/StyleOrigin; 2 2878 orig 264 8 131 143 113 0 0 0 0 232 122 26 35 0 0 0 0 176 1 0 0 0 0 0 0 0 0 0 0 0 0 0 0 0 0 0 0 0 0 0 0 0 0 0 0 0 0 0 0 0 0 0 0 0 0 0 0 0 0 0 0 0 0 0 0 0 0 0 0 0 0 0 0 0 0 0 0 0 0 0 0 77 68 79 32 101 120 116 114 97 32 100 97 116 97 32 108 111 99 107 0 0 0 0 0 0 0 0 0 0 0 0 0 0 0 0 0 0 0 0 0 0 0 0 0 0 0 0 0 0 0 0 0 0 0 0 0 0 0 0 0 0 0 0 0 0 0 0 0 0 0 0 0 0 0 0 0 0 0 0 0 0 0 0 0 0 0 0 0 0 0 0 0 0 0 0 0 0 0 0 0 0 0 0 0 0 0 0 0 0 0 0 0 0 0 0 0 0 0 0 0 0 0 0 0 0 0 0 0 0 0 0 0 0 0 0 0 63 0 0 0 249 87 0 0 1 0 0 0 0 0 0 0 0 0 0 0 2 0 0 0 0 0 6 0 2 0 0 0 104 0 0 0 255 255 255 255 7 0 4 0 0 0 0 0 data 13 0x40007 0x0 0x68 0xaff 0xb0005 0x0 0x2b725660 0xaff 0x0 0x0 0xe0003 0xaff 0x18 oops 1 6 com/sun/javafx/css/Stylesheet
ciMethodData com/sun/javafx/css/CascadingStyle getParsedValueImpl ()Lcom/sun/javafx/css/ParsedValueImpl; 2 3877 orig 264 8 131 143 113 0 0 0 0 120 125 119 36 0 0 0 0 168 1 0 0 0 0 0 0 0 0 0 0 0 0 0 0 0 0 0 0 0 0 0 0 0 0 0 0 0 0 0 0 0 0 0 0 0 0 0 0 0 0 0 0 0 0 0 0 0 0 0 0 0 0 0 0 0 0 0 0 0 0 0 0 77 68 79 32 101 120 116 114 97 32 100 97 116 97 32 108 111 99 107 0 0 0 0 0 0 0 0 0 0 0 0 0 0 0 0 0 0 0 0 0 0 0 0 0 0 0 0 0 0 0 0 0 0 0 0 0 0 0 0 0 0 0 0 0 0 0 0 0 0 0 0 0 0 0 0 0 0 0 0 0 0 0 0 0 0 0 0 0 0 0 0 0 0 0 0 0 0 0 0 0 0 0 0 0 0 0 0 0 0 0 0 0 0 0 0 0 0 0 0 0 0 0 0 0 0 0 0 0 0 0 0 0 0 0 0 0 61 0 0 0 65 119 0 0 1 0 0 0 0 0 0 0 0 0 0 0 2 0 0 0 0 0 3 0 2 0 0 0 96 0 0 0 255 255 255 255 5 0 4 0 0 0 0 0 data 12 0x40005 0x14c 0x1b42e590 0xd9c 0x0 0x0 0x70005 0x14c 0x1b42e820 0xd9c 0x0 0x0 oops 2 2 com/sun/javafx/css/Style 8 com/sun/javafx/css/Declaration
ciMethodData com/sun/javafx/css/StyleManager$CacheContainer getStyleMap (I)Lcom/sun/javafx/css/StyleMap; 2 5115 orig 264 8 131 143 113 0 0 0 0 232 133 116 36 0 0 0 0 64 2 0 0 0 0 0 0 0 0 0 0 0 0 0 0 0 0 0 0 0 0 0 0 0 0 0 0 0 0 0 0 0 0 0 0 0 0 0 0 0 0 0 0 0 0 0 0 0 0 0 0 0 0 0 0 0 0 0 0 0 0 0 0 77 68 79 32 101 120 116 114 97 32 100 97 116 97 32 108 111 99 107 0 0 0 0 0 0 0 0 0 0 0 0 0 0 0 0 0 0 0 0 0 0 0 0 0 0 0 0 0 0 0 0 0 0 0 0 0 0 0 0 0 0 0 0 0 0 0 0 0 0 0 0 0 0 0 0 0 0 0 0 0 0 0 0 0 0 0 0 0 0 0 0 0 0 0 0 0 0 0 0 0 0 0 0 0 0 0 0 0 0 0 0 0 0 0 0 0 0 0 0 0 0 0 0 0 0 0 0 0 0 0 0 0 0 0 0 0 11 1 0 0 129 151 0 0 1 0 0 0 0 0 0 0 0 0 0 0 2 0 0 0 0 0 16 0 2 0 0 0 240 0 0 0 255 255 255 255 7 0 9 0 0 0 0 0 data 30 0x90007 0x0 0xf0 0x12f0 0xe0002 0x12f0 0x110005 0x0 0x2ae22a90 0x12f0 0x0 0x0 0x160007 0x0 0x90 0x12f0 0x1a0002 0x12f0 0x1e0005 0x0 0x2ae22a90 0x12f0 0x0 0x0 0x230004 0x0 0x2ae63f40 0x12f0 0x0 0x0 oops 3 8 java/util/ArrayList 20 java/util/ArrayList 26 com/sun/javafx/css/StyleMap
ciMethodData javafx/scene/Scene getRoot ()Ljavafx/scene/Parent; 2 7984 orig 264 8 131 143 113 0 0 0 0 208 218 13 24 0 0 0 0 224 1 0 0 32 0 0 0 0 0 0 0 0 0 0 0 0 0 0 0 0 0 0 0 0 0 0 0 0 0 0 0 0 0 0 0 0 0 0 0 0 0 0 0 0 0 0 0 0 0 0 0 0 0 0 0 0 0 0 0 0 0 0 0 77 68 79 32 101 120 116 114 97 32 100 97 116 97 32 108 111 99 107 0 0 0 0 0 0 0 0 0 0 0 0 0 0 0 0 0 0 0 0 0 0 0 0 0 0 0 0 0 0 0 0 0 0 0 0 0 0 0 0 0 0 0 0 0 0 0 0 0 0 0 0 0 0 0 0 0 0 0 0 0 0 0 0 0 0 0 0 0 0 0 0 0 0 0 0 0 0 0 0 0 0 0 0 0 0 0 0 0 0 0 0 0 0 0 0 0 0 0 0 0 0 0 0 0 0 0 0 0 0 0 0 0 0 0 0 0 133 1 0 0 89 237 0 0 1 0 0 0 0 0 0 0 0 0 0 0 2 0 0 0 0 0 6 0 2 0 0 0 152 0 0 0 255 255 255 255 7 0 4 0 0 0 0 0 data 19 0x40007 0x1dab 0x38 0x0 0x80003 0x0 0x78 0xf0005 0x0 0x1a276480 0x1dab 0x0 0x0 0x120004 0x0 0x2b6abab0 0x1d5b 0x2b6abb60 0x50 oops 3 9 javafx/scene/Scene$9 15 javafx/scene/layout/AnchorPane 17 javafx/scene/layout/Pane
ciMethodData com/sun/javafx/css/StyleManager getInstance ()Lcom/sun/javafx/css/StyleManager; 2 5793 orig 264 8 131 143 113 0 0 0 0 200 97 25 35 0 0 0 0 24 1 0 0 0 0 0 0 0 0 0 0 0 0 0 0 0 0 0 0 0 0 0 0 0 0 0 0 0 0 0 0 0 0 0 0 0 0 0 0 0 0 0 0 0 0 0 0 0 0 0 0 0 0 0 0 0 0 0 0 0 0 0 0 77 68 79 32 101 120 116 114 97 32 100 97 116 97 32 108 111 99 107 0 0 0 0 0 0 0 0 0 0 0 0 0 0 0 0 0 0 0 0 0 0 0 0 0 0 0 0 0 0 0 0 0 0 0 0 0 0 0 0 0 0 0 0 0 0 0 0 0 0 0 0 0 0 0 0 0 0 0 0 0 0 0 0 0 0 0 0 0 0 0 0 0 0 0 0 0 0 0 0 0 0 0 0 0 0 0 0 0 0 0 0 0 0 0 0 0 0 0 0 0 0 0 0 0 0 0 0 0 0 0 0 0 0 0 0 0 128 1 0 0 9 169 0 0 1 0 0 0 0 0 0 0 0 0 0 0 2 0 0 0 0 0 3 0 1 0 0 0 0 0 0 0 255 255 255 255 0 0 0 0 0 0 0 0 data 0 oops 0
ciMethodData javafx/scene/CssStyleHelper getStyleMap (Ljavafx/css/Styleable;)Lcom/sun/javafx/css/StyleMap; 2 4878 orig 264 8 131 143 113 0 0 0 0 88 147 115 36 0 0 0 0 160 1 0 0 32 0 0 0 0 0 0 0 0 0 0 0 0 0 0 0 0 0 0 0 0 0 0 0 0 0 0 0 0 0 0 0 0 0 0 0 0 0 0 0 0 0 0 0 0 0 0 0 0 0 0 0 0 0 0 0 0 0 0 0 77 68 79 32 101 120 116 114 97 32 100 97 116 97 32 108 111 99 107 0 0 0 0 0 0 0 0 0 0 0 0 0 0 0 0 0 0 0 0 0 0 0 0 0 0 0 0 0 0 0 0 0 0 0 0 0 0 0 0 0 0 0 0 0 0 0 0 0 0 0 0 0 0 0 0 0 0 0 0 0 0 0 0 0 0 0 0 0 0 0 0 0 0 0 0 0 0 0 0 0 0 0 0 0 0 0 0 0 0 0 0 0 0 0 0 0 0 0 0 0 0 0 0 0 0 0 0 0 0 0 0 0 0 0 0 0 8 1 0 0 49 144 0 0 1 0 0 0 0 0 0 0 0 0 0 0 2 0 0 0 0 0 8 0 2 0 0 0 80 0 0 0 255 255 255 255 7 0 4 0 0 0 0 0 data 10 0x40007 0x10 0x40 0x11f6 0x80007 0x11f6 0x20 0x0 0x120002 0x11f6 oops 0
ciMethodData javafx/scene/CssStyleHelper$CacheContainer access$700 (Ljavafx/scene/CssStyleHelper$CacheContainer;Ljavafx/css/Styleable;)Lcom/sun/javafx/css/StyleMap; 2 4862 orig 264 8 131 143 113 0 0 0 0 232 144 119 36 0 0 0 0 56 1 0 0 0 0 0 0 0 0 0 0 0 0 0 0 0 0 0 0 0 0 0 0 0 0 0 0 0 0 0 0 0 0 0 0 0 0 0 0 0 0 0 0 0 0 0 0 0 0 0 0 0 0 0 0 0 0 0 0 0 0 0 0 77 68 79 32 101 120 116 114 97 32 100 97 116 97 32 108 111 99 107 0 0 0 0 0 0 0 0 0 0 0 0 0 0 0 0 0 0 0 0 0 0 0 0 0 0 0 0 0 0 0 0 0 0 0 0 0 0 0 0 0 0 0 0 0 0 0 0 0 0 0 0 0 0 0 0 0 0 0 0 0 0 0 0 0 0 0 0 0 0 0 0 0 0 0 0 0 0 0 0 0 0 0 0 0 0 0 0 0 0 0 0 0 0 0 0 0 0 0 0 0 0 0 0 0 0 0 0 0 0 0 0 0 0 0 0 0 8 1 0 0 177 143 0 0 1 0 0 0 0 0 0 0 0 0 0 0 2 0 0 0 0 0 0 0 0 0 0 0 16 0 0 0 255 255 255 255 2 0 2 0 0 0 0 0 data 2 0x20002 0x11f6 oops 0
ciMethodData javafx/scene/CssStyleHelper$CacheContainer getStyleMap (Ljavafx/css/Styleable;)Lcom/sun/javafx/css/StyleMap; 2 4862 orig 264 8 131 143 113 0 0 0 0 168 140 119 36 0 0 0 0 120 2 0 0 208 0 0 0 0 0 0 0 0 0 0 0 0 0 0 0 0 0 0 0 0 0 0 0 0 0 0 0 0 0 0 0 0 0 0 0 0 0 0 0 0 0 0 0 0 0 0 0 0 0 0 0 0 0 0 0 0 0 0 0 77 68 79 32 101 120 116 114 97 32 100 97 116 97 32 108 111 99 107 0 0 0 0 0 0 0 0 0 0 0 0 0 0 0 0 0 0 0 0 0 0 0 0 0 0 0 0 0 0 0 0 0 0 0 0 0 0 0 0 0 0 0 0 0 0 0 0 0 0 0 0 0 0 0 0 0 0 0 0 0 0 0 0 0 0 0 0 0 0 0 0 0 0 0 0 0 0 0 0 0 0 0 0 0 0 0 0 0 0 0 0 0 0 0 0 0 0 0 0 0 0 0 0 0 0 0 0 0 0 0 0 0 0 0 0 0 8 1 0 0 177 143 0 0 1 0 0 0 0 0 0 0 0 0 0 0 2 0 0 0 0 0 13 0 2 0 0 0 40 1 0 0 255 255 255 255 7 0 1 0 0 0 0 0 data 37 0x10007 0x0 0x128 0x11f6 0x50004 0x0 0x2afb21e0 0x4b 0x2afb2290 0x5 0x80007 0x0 0x98 0x11f6 0xc0004 0x0 0x2afb21e0 0x4b 0x2afb2290 0x5 0xf0005 0x119e 0x2b6abc10 0x17 0x2afb21e0 0x41 0x120003 0x11f6 0x18 0x170002 0x11f6 0x200005 0x102 0x2afb16b0 0x10f4 0x0 0x0 oops 7 6 javafx/scene/text/Text 8 com/sun/javafx/scene/control/skin/SplitPaneSkin$ContentDivider 16 javafx/scene/text/Text 18 com/sun/javafx/scene/control/skin/SplitPaneSkin$ContentDivider 22 javafx/scene/control/TextField 24 javafx/scene/text/Text 33 com/sun/javafx/css/StyleManager
ciMethodData com/sun/javafx/css/StyleManager getCacheContainer (Ljavafx/css/Styleable;Ljavafx/scene/SubScene;)Lcom/sun/javafx/css/StyleManager$CacheContainer; 2 5710 orig 264 8 131 143 113 0 0 0 0 248 99 25 35 0 0 0 0 248 4 0 0 192 2 0 0 0 0 0 0 0 0 0 0 0 0 0 0 0 0 0 0 0 0 0 0 0 0 0 0 0 0 0 0 0 0 0 0 0 0 0 0 0 0 0 0 0 0 0 0 0 0 0 0 0 0 0 0 0 0 0 0 77 68 79 32 101 120 116 114 97 32 100 97 116 97 32 108 111 99 107 0 0 0 0 0 0 0 0 0 0 0 0 0 0 0 0 0 0 0 0 0 0 0 0 0 0 0 0 0 0 0 0 0 0 0 0 0 0 0 0 0 0 0 0 0 0 0 0 0 0 0 0 0 0 0 0 0 0 0 0 0 0 0 0 0 0 0 0 0 0 0 0 0 0 0 0 0 0 0 0 0 0 0 0 0 0 0 0 0 0 0 0 0 0 0 0 0 0 0 0 0 0 0 0 0 0 0 0 0 0 0 0 0 0 0 0 0 136 1 0 0 49 166 0 0 1 0 0 0 0 0 0 0 0 0 0 0 2 0 0 0 0 0 47 0 2 0 0 0 160 3 0 0 255 255 255 255 7 0 1 0 0 0 0 0 data 116 0x10007 0x14c6 0x40 0x0 0x50007 0x0 0x20 0x0 0xd0007 0x14c6 0x68 0x0 0x110005 0x0 0x0 0x0 0x0 0x0 0x150003 0x0 0x230 0x190004 0x0 0x2af9b8f0 0x18 0x2b6abab0 0x6fe 0x1c0007 0x0 0xe8 0x14c6 0x200004 0x0 0x2af9b8f0 0x18 0x2b6abab0 0x6fe 0x270005 0x1490 0x2af9b9a0 0xc 0x2af9ba50 0x2a 0x2e0007 0x0 0x50 0x14c6 0x330005 0xd 0x2af9a2f0 0x14af 0x2af9bb00 0xa 0x370003 0x14c6 0x118 0x3b0004 0x0 0x0 0x0 0x0 0x0 0x3e0007 0x0 0xd0 0x0 0x420004 0x0 0x0 0x0 0x0 0x0 0x450005 0x0 0x0 0x0 0x0 0x0 0x4c0007 0x0 0x50 0x0 0x510005 0x0 0x0 0x0 0x0 0x0 0x560007 0x14c6 0x20 0x0 0x660005 0x0 0x2af99480 0x14c6 0x0 0x0 0x6b0104 0x0 0x2afb5620 0x14bf 0x0 0x0 0x720007 0x14bf 0x60 0x7 0x790002 0x7 0x840005 0x0 0x2af99480 0x7 0x0 0x0 oops 11 23 javafx/scene/control/SplitPane 25 javafx/scene/layout/AnchorPane 33 javafx/scene/control/SplitPane 35 javafx/scene/layout/AnchorPane 39 javafx/scene/shape/Rectangle 41 javafx/scene/image/ImageView 49 javafx/scene/Scene 51 javafx/scene/Scene$3$1 94 java/util/WeakHashMap 100 com/sun/javafx/css/StyleManager$CacheContainer 112 java/util/WeakHashMap
ciMethodData com/sun/javafx/css/StyleManager$CacheContainer <init> ()V 1 8 orig 264 8 131 143 113 0 0 0 0 48 128 116 36 0 0 0 0 48 1 0 0 0 0 0 0 0 0 0 0 0 0 0 0 0 0 0 0 0 0 0 0 0 0 0 0 0 0 0 0 0 0 0 0 0 0 0 0 0 0 0 0 0 0 0 0 0 0 0 0 0 0 0 0 0 0 0 0 0 0 0 0 77 68 79 32 101 120 116 114 97 32 100 97 116 97 32 108 111 99 107 0 0 0 0 0 0 0 0 0 0 0 0 0 0 0 0 0 0 0 0 0 0 0 0 0 0 0 0 0 0 0 0 0 0 0 0 0 0 0 0 0 0 0 0 0 0 0 0 0 0 0 0 0 0 0 0 0 0 0 0 0 0 0 0 0 0 0 0 0 0 0 0 0 0 0 0 0 0 0 0 0 0 0 0 0 0 0 0 0 0 0 0 0 0 0 0 0 0 0 0 0 0 0 0 0 0 0 0 0 0 0 0 0 0 0 0 0 1 0 0 0 57 0 0 0 1 0 0 0 0 0 0 0 0 0 0 0 2 0 0 0 0 0 0 0 0 0 0 0 16 0 0 0 255 255 255 255 2 0 1 0 0 0 0 0 data 2 0x10002 0x7 oops 0
ciMethodData java/lang/Math round (D)J 2 5587 orig 264 8 131 143 113 0 0 0 0 240 64 174 23 0 0 0 0 160 1 0 0 0 0 0 0 0 0 0 0 0 0 0 0 0 0 0 0 0 0 0 0 0 0 0 0 0 0 0 0 0 0 0 0 0 0 0 0 0 0 0 0 0 0 0 0 0 0 0 0 0 0 0 0 0 0 0 0 0 0 0 0 77 68 79 32 101 120 116 114 97 32 100 97 116 97 32 108 111 99 107 0 0 0 0 0 0 0 0 0 0 0 0 0 0 0 0 0 0 0 0 0 0 0 0 0 0 0 0 0 0 0 0 0 0 0 0 0 0 0 0 0 0 0 0 0 0 0 0 0 0 0 0 0 0 0 0 0 0 0 0 0 0 0 0 0 0 0 0 0 0 0 0 0 0 0 0 0 0 0 0 0 0 0 0 0 0 0 0 0 0 0 0 0 0 0 0 0 0 0 0 0 0 0 0 0 0 0 0 0 0 0 0 0 0 0 0 0 137 1 0 0 81 162 0 0 1 0 0 0 0 0 0 0 0 0 0 0 2 0 0 0 0 0 8 0 2 0 0 0 80 0 0 0 255 255 255 255 2 0 1 0 0 0 0 0 data 10 0x10002 0x144a 0x1f0007 0x6b4 0x40 0xd96 0x300007 0xd89 0x20 0xd oops 0
ciMethodData javafx/scene/CssStyleHelper resolveRef (Ljavafx/css/Styleable;Ljava/lang/String;Lcom/sun/javafx/css/StyleMap;Ljava/util/Set;)Lcom/sun/javafx/css/CascadingStyle; 2 5546 orig 264 8 131 143 113 0 0 0 0 240 165 115 36 0 0 0 0 56 5 0 0 144 3 0 0 0 0 0 0 0 0 0 0 0 0 0 0 0 0 0 0 0 0 0 0 0 0 0 0 0 0 0 0 0 0 0 0 0 0 0 0 0 0 0 0 0 0 0 0 0 0 0 0 0 0 0 0 0 0 0 0 77 68 79 32 101 120 116 114 97 32 100 97 116 97 32 108 111 99 107 0 0 0 0 0 0 0 0 0 0 0 0 0 0 0 0 0 0 0 0 0 0 0 0 0 0 0 0 0 0 0 0 0 0 0 0 0 0 0 0 0 0 0 0 0 0 0 0 0 0 0 0 0 0 0 0 0 0 0 0 0 0 0 0 0 0 0 0 0 0 0 0 0 0 0 0 0 0 0 0 0 0 0 0 0 0 0 0 0 0 0 0 0 0 0 0 0 0 0 0 0 0 0 0 0 0 0 0 0 0 0 0 0 0 0 0 0 2 1 0 0 65 165 0 0 73 60 0 0 0 0 0 0 0 0 0 0 2 0 0 0 1 0 38 0 2 0 0 0 208 3 0 0 255 255 255 255 2 0 6 0 0 0 0 0 data 122 0x60002 0x14a8 0xd0007 0xf8a 0x20 0x51e 0x150007 0x38d 0x80 0xbfd 0x1a0005 0x0 0x2b6ab950 0xbfd 0x0 0x0 0x1f0007 0x870 0x30 0x38d 0x290002 0x38d 0x2e0005 0xab1 0x2b6aba00 0x7b 0x2b6abab0 0xd1 0x3a0007 0x2f 0xa0 0xbce 0x3f0004 0x0 0x2b6abab0 0x529 0x2b6aba00 0x7 0x420007 0x0 0x50 0xbce 0x470004 0x0 0x2b6abab0 0x529 0x2b6aba00 0x7 0x510007 0x2f 0x128 0xe51 0x560007 0xbce 0x108 0x283 0x5b0005 0x1fb 0x2b6abb60 0x6 0x2b6abab0 0x82 0x640007 0x0 0xffffffffffffff90 0x283 0x690004 0x0 0x2b6abc10 0x4 0x2b6abcc0 0x2 0x6c0007 0x0 0xffffffffffffff40 0x283 0x710004 0x0 0x2b6abc10 0x4 0x2b6abcc0 0x2 0x790003 0x283 0xfffffffffffffef0 0x7e0007 0x2f 0x40 0xbce 0x830007 0xbce 0x20 0x0 0x8c0002 0xbce 0x930004 0x0 0x2b6abab0 0x4a7 0x2b6aba00 0x7 0x960007 0x0 0x68 0xbce 0x9b0004 0x0 0x2b6abab0 0x4a7 0x2b6aba00 0x7 0xa10003 0xbce 0x48 0xa50005 0x0 0x0 0x0 0x0 0x0 0xb50002 0xbce oops 17 12 com/sun/javafx/css/PseudoClassState 24 javafx/scene/control/Button 26 javafx/scene/layout/AnchorPane 34 javafx/scene/layout/AnchorPane 36 javafx/scene/control/Button 44 javafx/scene/layout/AnchorPane 46 javafx/scene/control/Button 58 javafx/scene/layout/Pane 60 javafx/scene/layout/AnchorPane 68 javafx/scene/control/TextField 70 javafx/scene/control/PasswordField 78 javafx/scene/control/TextField 80 javafx/scene/control/PasswordField 97 javafx/scene/layout/AnchorPane 99 javafx/scene/control/Button 107 javafx/scene/layout/AnchorPane 109 javafx/scene/control/Button
ciMethodData com/sun/javafx/css/PseudoClassState size ()I 2 3918 orig 264 8 131 143 113 0 0 0 0 40 219 20 24 0 0 0 0 48 1 0 0 0 0 0 0 0 0 0 0 0 0 0 0 0 0 0 0 0 0 0 0 0 0 0 0 0 0 0 0 0 0 0 0 0 0 0 0 0 0 0 0 0 0 0 0 0 0 0 0 0 0 0 0 0 0 0 0 0 0 0 0 77 68 79 32 101 120 116 114 97 32 100 97 116 97 32 108 111 99 107 0 0 0 0 0 0 0 0 0 0 0 0 0 0 0 0 0 0 0 0 0 0 0 0 0 0 0 0 0 0 0 0 0 0 0 0 0 0 0 0 0 0 0 0 0 0 0 0 0 0 0 0 0 0 0 0 0 0 0 0 0 0 0 0 0 0 0 0 0 0 0 0 0 0 0 0 0 0 0 0 0 0 0 0 0 0 0 0 0 0 0 0 0 0 0 0 0 0 0 0 0 0 0 0 0 0 0 0 0 0 0 0 0 0 0 0 0 11 1 0 0 25 114 0 0 1 0 0 0 0 0 0 0 0 0 0 0 2 0 0 0 0 0 3 0 2 0 0 0 16 0 0 0 255 255 255 255 2 0 1 0 0 0 0 0 data 2 0x10002 0xe43 oops 0
ciMethodData com/sun/javafx/css/StyleManager getStyleMap (Ljavafx/css/Styleable;Ljavafx/scene/SubScene;I)Lcom/sun/javafx/css/StyleMap; 2 4862 orig 264 8 131 143 113 0 0 0 0 240 101 25 35 0 0 0 0 0 2 0 0 80 0 0 0 0 0 0 0 0 0 0 0 0 0 0 0 0 0 0 0 0 0 0 0 0 0 0 0 0 0 0 0 0 0 0 0 0 0 0 0 0 0 0 0 0 0 0 0 0 0 0 0 0 0 0 0 0 0 0 0 77 68 79 32 101 120 116 114 97 32 100 97 116 97 32 108 111 99 107 0 0 0 0 0 0 0 0 0 0 0 0 0 0 0 0 0 0 0 0 0 0 0 0 0 0 0 0 0 0 0 0 0 0 0 0 0 0 0 0 0 0 0 0 0 0 0 0 0 0 0 0 0 0 0 0 0 0 0 0 0 0 0 0 0 0 0 0 0 0 0 0 0 0 0 0 0 0 0 0 0 0 0 0 0 0 0 0 0 0 0 0 0 0 0 0 0 0 0 0 0 0 0 0 0 0 0 0 0 0 0 0 0 0 0 0 0 0 2 0 0 241 135 0 0 1 0 0 0 0 0 0 0 0 0 0 0 2 0 0 0 0 0 7 0 2 0 0 0 160 0 0 0 255 255 255 255 7 0 2 0 0 0 0 0 data 20 0x20007 0x10c4 0x20 0x3a 0xc0005 0x8 0x2afb16b0 0x10bc 0x0 0x0 0x130007 0x10c4 0x20 0x0 0x1d0005 0x0 0x2afb5620 0x10c4 0x0 0x0 oops 2 6 com/sun/javafx/css/StyleManager 16 com/sun/javafx/css/StyleManager$CacheContainer
ciMethodData javafx/scene/CssStyleHelper resolveLookups (Ljavafx/css/Styleable;Lcom/sun/javafx/css/ParsedValueImpl;Lcom/sun/javafx/css/StyleMap;Ljava/util/Set;Ljavafx/beans/property/ObjectProperty;Ljava/util/Set;)Lcom/sun/javafx/css/ParsedValueImpl; 2 6063 orig 264 8 131 143 113 0 0 0 0 240 168 115 36 0 0 0 0 160 13 0 0 216 10 0 0 0 0 0 0 0 0 0 0 0 0 0 0 0 0 0 0 0 0 0 0 0 0 0 0 0 0 0 0 0 0 0 0 0 0 0 0 0 0 0 0 0 0 0 0 0 0 0 0 0 0 0 0 0 0 0 0 77 68 79 32 101 120 116 114 97 32 100 97 116 97 32 108 111 99 107 0 0 0 0 0 0 0 0 0 0 0 0 0 0 0 0 0 0 0 0 0 0 0 0 0 0 0 0 0 0 0 0 0 0 0 0 0 0 0 0 0 0 0 0 0 0 0 0 0 0 0 0 0 0 0 0 0 0 0 0 0 0 0 0 0 0 0 0 0 0 0 0 0 0 0 0 0 0 0 0 0 0 0 0 0 0 0 0 0 0 0 0 0 0 0 0 0 0 0 0 0 0 0 0 0 0 0 0 0 0 0 0 0 0 0 0 0 19 1 0 0 225 180 0 0 81 128 0 0 0 0 0 0 0 0 0 0 2 0 0 0 3 0 52 0 2 0 0 0 40 12 0 0 255 255 255 255 5 0 1 0 0 0 0 0 data 389 0x10005 0x2 0x2ae63e70 0x169a 0x0 0x0 0x40007 0x1167 0x770 0x535 0x80005 0x1 0x2ae63e70 0x534 0x0 0x0 0xf0004 0x0 0x332af80 0x535 0x0 0x0 0x120007 0x0 0x6f0 0x535 0x170004 0x0 0x332af80 0x535 0x0 0x0 0x1d0005 0x1 0x332af80 0x534 0x0 0x0 0x290002 0x535 0x300007 0x2a 0x660 0x50b 0x370005 0x0 0x2ae64fe0 0x50b 0x0 0x0 0x3a0005 0x0 0x2ae65090 0x50b 0x0 0x0 0x3f0007 0x50b 0x3d0 0x0 0x480005 0x0 0x0 0x0 0x0 0x0 0x4b0007 0x0 0x1e0 0x0 0x550002 0x0 0x5a0005 0x0 0x0 0x0 0x0 0x0 0x5f0005 0x0 0x0 0x0 0x0 0x0 0x620005 0x0 0x0 0x0 0x0 0x0 0x650005 0x0 0x0 0x0 0x0 0x0 0x6a0005 0x0 0x0 0x0 0x0 0x0 0x6f0005 0x0 0x0 0x0 0x0 0x0 0x740005 0x0 0x0 0x0 0x0 0x0 0x770005 0x0 0x0 0x0 0x0 0x0 0x7a0005 0x0 0x0 0x0 0x0 0x0 0x850002 0x0 0x8a0005 0x0 0x0 0x0 0x0 0x0 0x8f0005 0x0 0x0 0x0 0x0 0x0 0x920005 0x0 0x0 0x0 0x0 0x0 0x950005 0x0 0x0 0x0 0x0 0x0 0x9a0005 0x0 0x0 0x0 0x0 0x0 0x9f0005 0x0 0x0 0x0 0x0 0x0 0xa40005 0x0 0x0 0x0 0x0 0x0 0xa70005 0x0 0x0 0x0 0x0 0x0 0xaa0002 0x0 0xb10005 0x0 0x2ae65090 0x50b 0x0 0x0 0xb90005 0x0 0x2ae65140 0x50b 0x0 0x0 0xbc0004 0x0 0x2ae651f0 0x50b 0x0 0x0 0xc30005 0x0 0x2ae64fe0 0x50b 0x0 0x0 0xca0007 0x0 0xc0 0x50b 0xcf0007 0x0 0x70 0x50b 0xd60005 0x0 0x2ae651f0 0x50b 0x0 0x0 0xd90007 0x50b 0x50 0x0 0xe00005 0x0 0x0 0x0 0x0 0x0 0xe70005 0x0 0x2ae64fe0 0x50b 0x0 0x0 0xf10002 0x50b 0xf80007 0x0 0x50 0x50b 0xfe0005 0x0 0x2ae65090 0x50b 0x0 0x0 0x1080005 0x2 0x2ae63e70 0x118f 0x0 0x0 0x10b0007 0x65d 0x20 0xb34 0x1110005 0x1 0x2ae63e70 0x65c 0x0 0x0 0x1180004 0xfffffffffffff9a3 0x332af80 0x1 0x0 0x0 0x11b0007 0x65d 0x208 0x0 0x1200004 0x0 0x0 0x0 0x0 0x0 0x1230004 0x0 0x0 0x0 0x0 0x0 0x13a0007 0x0 0x118 0x0 0x14a0004 0x0 0x0 0x0 0x0 0x0 0x1560007 0x0 0xb0 0x0 0x1610007 0x0 0x38 0x0 0x1640003 0x0 0x58 0x17f0002 0x0 0x1820004 0x0 0x0 0x0 0x0 0x0 0x1860003 0x0 0xffffffffffffff68 0x18c0003 0x0 0xffffffffffffff00 0x1910005 0x0 0x0 0x0 0x0 0x0 0x19d0005 0x0 0x0 0x0 0x0 0x0 0x1a10002 0x0 0x1a70004 0xffffffffffffffd6 0x332af80 0x1 0x2ae652a0 0x633 0x1aa0007 0x2a 0x1a0 0x633 0x1af0004 0x0 0x2ae652a0 0x633 0x0 0x0 0x1b20004 0x0 0x0 0x0 0x0 0x0 0x1c70007 0x633 0xb0 0x100a 0x1cf0007 0x100a 0x38 0x0 0x1d20003 0x0 0x58 0x1e70002 0x100a 0x1ea0004 0x0 0x2ae63e70 0x100a 0x0 0x0 0x1ee0003 0x100a 0xffffffffffffff68 0x1f30005 0x0 0x2ae65090 0x633 0x0 0x0 0x1ff0005 0x0 0x2ae63e70 0x633 0x0 0x0 0x2030002 0x633 oops 23 2 com/sun/javafx/css/ParsedValueImpl 12 com/sun/javafx/css/ParsedValueImpl 18 java/lang/String 28 java/lang/String 34 java/lang/String 46 com/sun/javafx/css/CascadingStyle 52 java/util/HashSet 180 java/util/HashSet 186 javafx/beans/property/SimpleObjectProperty 192 javafx/css/StyleOrigin 198 com/sun/javafx/css/CascadingStyle 212 javafx/css/StyleOrigin 228 com/sun/javafx/css/CascadingStyle 240 java/util/HashSet 246 com/sun/javafx/css/ParsedValueImpl 256 com/sun/javafx/css/ParsedValueImpl 262 java/lang/String 333 java/lang/String 335 [Lcom/sun/javafx/css/ParsedValueImpl; 343 [Lcom/sun/javafx/css/ParsedValueImpl; 368 com/sun/javafx/css/ParsedValueImpl